
Info: Started on Thu Mar  4 09:35:46 2021

Reading titi
Enter in Geometry
Enter in Periodicities
Enter in Fields
Enter in Functions
Enter in Function 1
Enter in Materials
Enter in Material 1
Enter in Material 2
Enter in Mesh
Enter in Initial Conditions
Enter in Loads
Enter in Boundary Conditions
Enter in Boundary Condition 1
Enter in Boundary Condition 2
Enter in Points
Enter in Dates
Enter in Objective Variations
Enter in Time Steps
Enter in Iterative Process
End of reading titi

Calculation
Step 1  t = 1.000000e-01 (dt = 1.00e-01)  (u_1[1188])Error = 4.00e-10 (2 iters)
(u_1[5])Step 2  t = 2.429090e-01 (dt = 1.43e-01)  (u_1[1188])Error = 5.68e-10 (2 iters)
(u_1[5])Step 3  t = 3.858180e-01 (dt = 1.43e-01)  (u_1[158])Error = 7.13e-05 (4 iters)
(u_2[8])Step 4  t = 5.279525e-01 (dt = 1.42e-01)  (u_2[2107])Error = 4.04e-08 (5 iters)
(u_2[153])Step 5  t = 6.559747e-01 (dt = 1.28e-01)  (u_1[1960])Error = 1.36e-07 (5 iters)
(u_2[153])Step 6  t = 7.666571e-01 (dt = 1.11e-01)  (u_2[1749])Error = 2.49e-06 (4 iters)
(u_1[160])Step 7  t = 8.701221e-01 (dt = 1.03e-01)  (u_2[1946])Error = 1.33e-07 (5 iters)
(u_2[152])Step 8  t = 9.718856e-01 (dt = 1.02e-01)  (u_1[1833])Error = 4.70e-08 (6 iters)
(u_2[152])Step 9  t = 1.000000e+00 (dt = 2.81e-02)  (u_1[2065])Error = 4.80e-06 (4 iters)
Step 10  t = 1.100000e+00 (dt = 1.00e-01)  (u_1[1104])Error = 1.62e-08 (6 iters)
(u_1[161])Step 11  t = 1.215821e+00 (dt = 1.16e-01)  (u_2[1752])Error = 7.75e-05 (6 iters)
(u_2[13])Step 12  t = 1.338317e+00 (dt = 1.22e-01)  (u_2[790])Error = 5.20e-05 (6 iters)
(u_2[14])Step 13  t = 1.463628e+00 (dt = 1.25e-01)  (u_1[1044])Error = 1.14e-06 (7 iters)
(u_1[25])Step 14  t = 1.590065e+00 (dt = 1.26e-01)  (u_2[2097])Error = 2.26e-05 (6 iters)
(u_1[25])Step 15  t = 1.718032e+00 (dt = 1.28e-01)  (u_2[843])Error = 3.85e-07 (6 iters)
(u_2[232])Step 16  t = 1.849429e+00 (dt = 1.31e-01)  (u_1[2091])Error = 5.76e-08 (7 iters)
(u_1[25])Step 17  t = 1.984798e+00 (dt = 1.35e-01)  (u_2[975])Error = 7.74e-05 (6 iters)
(u_1[24])Step 18  t = 2.000000e+00 (dt = 1.52e-02)  (u_2[2030])Error = 3.93e-06 (6 iters)
Step 19  t = 2.100000e+00 (dt = 1.00e-01)  (u_1[809])Error = 3.23e-08 (6 iters)
(u_2[1891])Step 20  t = 2.242749e+00 (dt = 1.43e-01)  (u_1[1077])Error = 1.09e-06 (6 iters)
(u_2[902])Step 21  t = 2.382162e+00 (dt = 1.39e-01)  (u_1[2059])Error = 2.11e-05 (5 iters)
(u_2[902])Step 22  t = 2.519367e+00 (dt = 1.37e-01)  (u_2[1077])Error = 6.14e-08 (7 iters)
(u_2[1864])Step 23  t = 2.654677e+00 (dt = 1.35e-01)  (u_1[1104])Error = 2.85e-05 (6 iters)
(u_1[995])Step 24  t = 2.787498e+00 (dt = 1.33e-01)  (u_1[152])Error = 4.97e-08 (6 iters)
(u_1[995])Step 25  t = 2.918185e+00 (dt = 1.31e-01)  (u_1[292])Error = 1.38e-07 (7 iters)
(u_1[918])Step 26  t = 3.000000e+00 (dt = 8.18e-02)  (u_2[1831])Error = 4.94e-07 (5 iters)
Step 27  t = 3.100000e+00 (dt = 1.00e-01)  (u_2[150])Error = 9.29e-08 (6 iters)
(u_1[149])Step 28  t = 3.225356e+00 (dt = 1.25e-01)  (u_2[290])Error = 5.31e-05 (6 iters)
(u_1[149])Step 29  t = 3.349151e+00 (dt = 1.24e-01)  (u_2[1115])Error = 3.51e-08 (7 iters)
(u_2[1139])Step 30  t = 3.471721e+00 (dt = 1.23e-01)  (u_2[153])Error = 5.46e-05 (6 iters)
(u_1[1138])Step 31  t = 3.592946e+00 (dt = 1.21e-01)  (u_2[154])Error = 4.19e-07 (6 iters)
(u_1[1138])Step 32  t = 3.712917e+00 (dt = 1.20e-01)  (u_2[804])Error = 4.07e-05 (5 iters)
(u_1[1138])Step 33  t = 3.831881e+00 (dt = 1.19e-01)  (u_1[291])Error = 1.96e-08 (6 iters)
(u_1[8])Step 34  t = 3.949726e+00 (dt = 1.18e-01)  (u_2[154])Error = 8.85e-06 (6 iters)
(u_1[8])Step 35  t = 4.000000e+00 (dt = 5.03e-02)  (u_2[287])Error = 3.93e-05 (5 iters)
Step 36  t = 4.100000e+00 (dt = 1.00e-01)  (u_2[2183])Error = 3.57e-05 (6 iters)
(u_1[8])Step 37  t = 4.215517e+00 (dt = 1.16e-01)  (u_1[1051])Error = 4.50e-07 (6 iters)
(u_2[220])Step 38  t = 4.329892e+00 (dt = 1.14e-01)  (u_2[1168])Error = 5.95e-05 (5 iters)
(u_2[220])Step 39  t = 4.443030e+00 (dt = 1.13e-01)  (u_2[896])Error = 7.28e-09 (6 iters)
(u_2[220])Step 40  t = 4.554984e+00 (dt = 1.12e-01)  (u_2[1121])Error = 1.50e-09 (6 iters)
(u_2[220])Step 41  t = 4.665872e+00 (dt = 1.11e-01)  (u_1[1922])Error = 3.13e-05 (5 iters)
(u_2[220])Step 42  t = 4.775809e+00 (dt = 1.10e-01)  (u_2[896])Error = 6.82e-06 (6 iters)
(u_2[220])Step 43  t = 4.884847e+00 (dt = 1.09e-01)  (u_1[1972])Error = 3.50e-08 (6 iters)
(u_2[220])Step 44  t = 4.993056e+00 (dt = 1.08e-01)  (u_2[839])Error = 3.83e-08 (6 iters)
(u_2[220])Step 45  t = 5.000000e+00 (dt = 6.94e-03)  (u_2[951])Error = 2.33e-05 (4 iters)
Step 46  t = 5.100000e+00 (dt = 1.00e-01)  (u_1[1767])Error = 2.00e-05 (5 iters)
(u_2[220])Step 47  t = 5.206709e+00 (dt = 1.07e-01)  (u_1[1767])Error = 2.41e-05 (5 iters)
(u_2[221])Step 48  t = 5.312493e+00 (dt = 1.06e-01)  (u_1[1767])Error = 2.11e-05 (5 iters)
(u_2[221])Step 49  t = 5.417240e+00 (dt = 1.05e-01)  (u_2[875])Error = 4.89e-05 (5 iters)
(u_2[221])Step 50  t = 5.521027e+00 (dt = 1.04e-01)  (u_2[875])Error = 5.68e-05 (5 iters)
(u_2[221])Step 51  t = 5.623914e+00 (dt = 1.03e-01)  (u_1[1887])Error = 1.10e-06 (6 iters)
(u_2[221])Step 52  t = 5.725923e+00 (dt = 1.02e-01)  (u_2[1913])Error = 1.12e-08 (6 iters)
(u_2[221])Step 53  t = 5.827101e+00 (dt = 1.01e-01)  (u_2[1119])Error = 6.37e-05 (5 iters)
(u_2[221])Step 54  t = 5.927524e+00 (dt = 1.00e-01)  (u_1[1767])Error = 2.03e-05 (5 iters)
(u_1[14])Step 55  t = 6.027284e+00 (dt = 9.98e-02)  (u_2[1766])Error = 6.04e-06 (5 iters)
(u_2[221])Step 56  t = 6.126291e+00 (dt = 9.90e-02)  (u_2[875])Error = 1.01e-05 (5 iters)
(u_2[221])Step 57  t = 6.224431e+00 (dt = 9.81e-02)  (u_2[875])Error = 9.24e-06 (5 iters)
(u_2[221])Step 58  t = 6.321909e+00 (dt = 9.75e-02)  (u_2[1766])Error = 1.10e-05 (5 iters)
(u_2[221])Step 59  t = 6.418756e+00 (dt = 9.68e-02)  (u_2[1858])Error = 2.22e-06 (5 iters)
(u_2[222])Step 60  t = 6.514821e+00 (dt = 9.61e-02)  (u_2[951])Error = 2.58e-07 (5 iters)
(u_2[222])Step 61  t = 6.610073e+00 (dt = 9.53e-02)  (u_2[869])Error = 2.85e-05 (5 iters)
(u_2[222])Step 62  t = 6.704565e+00 (dt = 9.45e-02)  (u_2[1766])Error = 1.35e-05 (5 iters)
(u_2[222])Step 63  t = 6.798335e+00 (dt = 9.38e-02)  (u_2[1766])Error = 1.42e-05 (5 iters)
(u_2[222])Step 64  t = 6.891394e+00 (dt = 9.31e-02)  (u_2[1766])Error = 1.40e-05 (5 iters)
(u_2[222])Step 65  t = 6.983770e+00 (dt = 9.24e-02)  (u_1[1087])Error = 7.70e-05 (5 iters)
(u_2[222])Step 66  t = 7.075511e+00 (dt = 9.17e-02)  (u_2[1131])Error = 8.23e-05 (5 iters)
(u_2[222])Step 67  t = 7.166641e+00 (dt = 9.11e-02)  (u_1[1087])Error = 4.00e-05 (5 iters)
(u_2[222])Step 68  t = 7.257184e+00 (dt = 9.05e-02)  (u_1[1087])Error = 4.20e-05 (5 iters)
(u_2[222])Step 69  t = 7.347159e+00 (dt = 9.00e-02)  (u_1[1087])Error = 3.71e-05 (5 iters)
(u_2[222])Step 70  t = 7.436555e+00 (dt = 8.94e-02)  (u_2[1131])Error = 5.12e-05 (5 iters)
(u_2[222])Step 71  t = 7.525352e+00 (dt = 8.88e-02)  (u_1[226])Error = 8.91e-05 (18 iters)
(u_2[222])Step 72  t = 7.613349e+00 (dt = 8.80e-02)  (u_2[19])Error = 8.64e-05 (25 iters)
(u_2[222])Step 73  t = 7.700677e+00 (dt = 8.73e-02)  (u_2[19])Error = 9.13e-05 (25 iters)
(u_2[222])Step 74  t = 7.787490e+00 (dt = 8.68e-02)  (u_2[19])Error = 9.69e-05 (25 iters)
(u_2[222])Step 75  t = 7.873723e+00 (dt = 8.62e-02)  (u_2[19])Error = 9.90e-05 (25 iters)
(u_2[222])Step 76  t = 7.959210e+00 (dt = 8.55e-02)  (u_2[19])Error = 8.17e-05 (26 iters)
(u_2[222])Step 77  t = 8.044260e+00 (dt = 8.51e-02)  (u_2[19])Error = 8.60e-05 (26 iters)
(u_2[222])Step 78  t = 8.128887e+00 (dt = 8.46e-02)  (u_2[19])Error = 9.07e-05 (26 iters)
(u_2[222])Step 79  t = 8.213101e+00 (dt = 8.42e-02)  (u_2[19])Error = 9.56e-05 (26 iters)
(u_2[222])Step 80  t = 8.296911e+00 (dt = 8.38e-02)  (u_2[19])Error = 7.96e-05 (27 iters)
(u_2[222])Step 81  t = 8.380281e+00 (dt = 8.34e-02)  (u_2[19])Error = 8.36e-05 (27 iters)
(u_2[222])Step 82  t = 8.463253e+00 (dt = 8.30e-02)  (u_2[19])Error = 8.77e-05 (27 iters)
(u_2[222])Step 83  t = 8.545848e+00 (dt = 8.26e-02)  (u_2[19])Error = 9.19e-05 (27 iters)
(u_2[222])Step 84  t = 8.628067e+00 (dt = 8.22e-02)  (u_2[19])Error = 9.59e-05 (27 iters)
(u_2[222])Step 85  t = 8.709934e+00 (dt = 8.19e-02)  (u_2[19])Error = 8.00e-05 (28 iters)
(u_2[222])Step 86  t = 8.791450e+00 (dt = 8.15e-02)  (u_2[19])Error = 8.36e-05 (28 iters)
(u_2[222])Step 87  t = 8.872628e+00 (dt = 8.12e-02)  (u_2[19])Error = 8.79e-05 (28 iters)
(u_2[222])Step 88  t = 8.953471e+00 (dt = 8.08e-02)  (u_2[19])Error = 9.15e-05 (28 iters)
(u_2[222])Step 89  t = 9.033984e+00 (dt = 8.05e-02)  (u_2[19])Error = 9.46e-05 (28 iters)
(u_2[222])Step 90  t = 9.114174e+00 (dt = 8.02e-02)  (u_2[19])Error = 9.84e-05 (28 iters)
(u_2[222])Step 91  t = 9.194030e+00 (dt = 7.99e-02)  (u_2[19])Error = 8.05e-05 (29 iters)
(u_2[222])Step 92  t = 9.273566e+00 (dt = 7.95e-02)  (u_2[19])Error = 8.45e-05 (29 iters)
(u_2[222])Step 93  t = 9.352780e+00 (dt = 7.92e-02)  (u_2[19])Error = 8.80e-05 (29 iters)
(u_2[222])Step 94  t = 9.431710e+00 (dt = 7.89e-02)  (u_2[19])Error = 9.17e-05 (29 iters)
(u_2[222])Step 95  t = 9.510349e+00 (dt = 7.86e-02)  (u_2[19])Error = 9.53e-05 (29 iters)
(u_2[222])Step 96  t = 9.588620e+00 (dt = 7.83e-02)  (u_2[19])Error = 9.82e-05 (29 iters)
(u_2[222])Step 97  t = 9.666586e+00 (dt = 7.80e-02)  (u_2[19])Error = 8.27e-05 (30 iters)
(u_2[222])Step 98  t = 9.744243e+00 (dt = 7.77e-02)  (u_2[19])Error = 8.55e-05 (30 iters)
(u_2[222])Step 99  t = 9.821624e+00 (dt = 7.74e-02)  (u_2[19])Error = 8.81e-05 (30 iters)
(u_2[222])Step 100  t = 9.898746e+00 (dt = 7.71e-02)  (u_1[19])Error = 8.37e-05 (31 iters)
(u_2[222])Step 101  t = 9.975456e+00 (dt = 7.67e-02)  (u_1[19])Error = 9.39e-05 (31 iters)
(u_2[222])Step 102  t = 1.000000e+01 (dt = 2.45e-02)  (u_1[19])Error = 8.39e-05 (24 iters)
Step 103  t = 1.010000e+01 (dt = 1.00e-01)  (u_2[21])Error = 9.07e-05 (34 iters)
(u_2[222])Step 104  t = 1.017596e+01 (dt = 7.60e-02)  (u_1[19])Error = 8.69e-05 (32 iters)
(u_2[222])Step 105  t = 1.025166e+01 (dt = 7.57e-02)  (u_1[19])Error = 9.05e-05 (32 iters)
(u_2[222])Step 106  t = 1.032711e+01 (dt = 7.55e-02)  (u_1[19])Error = 9.37e-05 (32 iters)
(u_2[222])Step 107  t = 1.040233e+01 (dt = 7.52e-02)  (u_1[19])Error = 9.69e-05 (32 iters)
(u_2[222])Step 108  t = 1.047730e+01 (dt = 7.50e-02)  (u_2[21])Error = 8.51e-05 (33 iters)
(u_2[23])Step 109  t = 1.055196e+01 (dt = 7.47e-02)  (u_2[21])Error = 8.77e-05 (33 iters)
(u_2[23])Step 110  t = 1.062623e+01 (dt = 7.43e-02)  (u_2[21])Error = 9.02e-05 (33 iters)
(u_2[23])Step 111  t = 1.070012e+01 (dt = 7.39e-02)  (u_2[21])Error = 9.27e-05 (33 iters)
(u_2[23])Step 112  t = 1.077363e+01 (dt = 7.35e-02)  (u_2[21])Error = 9.50e-05 (33 iters)
(u_2[23])Step 113  t = 1.084679e+01 (dt = 7.32e-02)  (u_2[21])Error = 9.73e-05 (33 iters)
(u_2[23])Step 114  t = 1.091959e+01 (dt = 7.28e-02)  (u_2[21])Error = 9.95e-05 (33 iters)
(u_2[23])Step 115  t = 1.099205e+01 (dt = 7.25e-02)  (u_2[21])Error = 8.70e-05 (34 iters)
(u_2[23])Step 116  t = 1.106417e+01 (dt = 7.21e-02)  (u_2[21])Error = 8.89e-05 (34 iters)
(u_2[23])Step 117  t = 1.113597e+01 (dt = 7.18e-02)  (u_2[21])Error = 9.08e-05 (34 iters)
(u_2[23])Step 118  t = 1.120744e+01 (dt = 7.15e-02)  (u_2[21])Error = 9.26e-05 (34 iters)
(u_2[23])Step 119  t = 1.127861e+01 (dt = 7.12e-02)  (u_2[21])Error = 9.44e-05 (34 iters)
(u_2[23])Step 120  t = 1.134945e+01 (dt = 7.08e-02)  (u_2[21])Error = 9.61e-05 (34 iters)
(u_2[23])Step 121  t = 1.141996e+01 (dt = 7.05e-02)  (u_2[21])Error = 9.81e-05 (34 iters)
(u_2[23])Step 122  t = 1.149018e+01 (dt = 7.02e-02)  (u_2[21])Error = 9.99e-05 (34 iters)
(u_2[23])Step 123  t = 1.156010e+01 (dt = 6.99e-02)  (u_2[21])Error = 8.70e-05 (35 iters)
(u_2[23])Step 124  t = 1.162974e+01 (dt = 6.96e-02)  (u_2[21])Error = 8.85e-05 (35 iters)
(u_2[23])Step 125  t = 1.169910e+01 (dt = 6.94e-02)  (u_2[21])Error = 9.01e-05 (35 iters)
(u_2[23])Step 126  t = 1.176819e+01 (dt = 6.91e-02)  (u_2[21])Error = 9.16e-05 (35 iters)
(u_2[23])Step 127  t = 1.183702e+01 (dt = 6.88e-02)  (u_2[21])Error = 9.32e-05 (35 iters)
(u_2[23])Step 128  t = 1.190558e+01 (dt = 6.86e-02)  (u_1[19])Error = 9.46e-05 (35 iters)
(u_2[23])Step 129  t = 1.197388e+01 (dt = 6.83e-02)  (u_1[19])Error = 9.67e-05 (35 iters)
(u_2[23])Step 130  t = 1.204194e+01 (dt = 6.81e-02)  (u_1[19])Error = 9.89e-05 (35 iters)
(u_2[23])Step 131  t = 1.210974e+01 (dt = 6.78e-02)  (u_1[19])Error = 8.63e-05 (36 iters)
(u_2[23])Step 132  t = 1.217730e+01 (dt = 6.76e-02)  (u_1[19])Error = 8.83e-05 (36 iters)
(u_2[23])Step 133  t = 1.224463e+01 (dt = 6.73e-02)  (u_1[19])Error = 9.08e-05 (36 iters)
(u_2[23])Step 134  t = 1.231172e+01 (dt = 6.71e-02)  (u_1[19])Error = 8.67e-05 (38 iters)
(u_2[23])Step 135  t = 1.237850e+01 (dt = 6.68e-02)  (u_1[19])Error = 8.84e-05 (38 iters)
(u_2[23])Step 136  t = 1.244503e+01 (dt = 6.65e-02)  (u_2[740])Error = 8.72e-05 (37 iters)
(u_2[23])Step 137  t = 1.251134e+01 (dt = 6.63e-02)  (u_2[226])Error = 8.87e-05 (39 iters)
(u_2[23])Step 138  t = 1.257733e+01 (dt = 6.60e-02)  (u_2[19])Error = 9.40e-05 (41 iters)
(u_2[23])Step 139  t = 1.264296e+01 (dt = 6.56e-02)  (u_2[19])Error = 9.52e-05 (41 iters)
(u_2[23])Step 140  t = 1.270836e+01 (dt = 6.54e-02)  (u_2[19])Error = 9.65e-05 (41 iters)
(u_2[23])Step 141  t = 1.277355e+01 (dt = 6.52e-02)  (u_2[19])Error = 9.79e-05 (41 iters)
(u_2[23])Step 142  t = 1.283852e+01 (dt = 6.50e-02)  (u_2[19])Error = 9.93e-05 (41 iters)
(u_2[23])Step 143  t = 1.290329e+01 (dt = 6.48e-02)  (u_2[19])Error = 8.98e-05 (42 iters)
(u_2[23])Step 144  t = 1.296784e+01 (dt = 6.46e-02)  (u_2[19])Error = 9.09e-05 (42 iters)
(u_2[23])Step 145  t = 1.303220e+01 (dt = 6.44e-02)  (u_2[19])Error = 9.21e-05 (42 iters)
(u_2[23])Step 146  t = 1.309636e+01 (dt = 6.42e-02)  (u_2[19])Error = 9.31e-05 (42 iters)
(u_2[23])Step 147  t = 1.316032e+01 (dt = 6.40e-02)  (u_2[19])Error = 9.43e-05 (42 iters)
(u_2[23])Step 148  t = 1.322409e+01 (dt = 6.38e-02)  (u_2[19])Error = 9.54e-05 (42 iters)
(u_2[23])Step 149  t = 1.328768e+01 (dt = 6.36e-02)  (u_2[19])Error = 9.65e-05 (42 iters)
(u_2[23])Step 150  t = 1.335108e+01 (dt = 6.34e-02)  (u_2[19])Error = 9.76e-05 (42 iters)
(u_2[23])Step 151  t = 1.341430e+01 (dt = 6.32e-02)  (u_2[19])Error = 9.87e-05 (42 iters)
(u_2[23])Step 152  t = 1.347735e+01 (dt = 6.30e-02)  (u_2[19])Error = 9.98e-05 (42 iters)
(u_2[23])Step 153  t = 1.354022e+01 (dt = 6.29e-02)  (u_2[19])Error = 9.03e-05 (43 iters)
(u_2[23])Step 154  t = 1.360292e+01 (dt = 6.27e-02)  (u_2[19])Error = 9.12e-05 (43 iters)
(u_2[23])Step 155  t = 1.366545e+01 (dt = 6.25e-02)  (u_2[19])Error = 9.22e-05 (43 iters)
(u_2[23])Step 156  t = 1.372782e+01 (dt = 6.24e-02)  (u_2[19])Error = 9.32e-05 (43 iters)
(u_2[23])Step 157  t = 1.379002e+01 (dt = 6.22e-02)  (u_2[19])Error = 9.42e-05 (43 iters)
(u_2[23])Step 158  t = 1.385206e+01 (dt = 6.20e-02)  (u_2[19])Error = 9.51e-05 (43 iters)
(u_2[23])Step 159  t = 1.391393e+01 (dt = 6.19e-02)  (u_2[19])Error = 9.59e-05 (43 iters)
(u_2[23])Step 160  t = 1.397565e+01 (dt = 6.17e-02)  (u_2[19])Error = 9.69e-05 (43 iters)
(u_2[23])Step 161  t = 1.403720e+01 (dt = 6.16e-02)  (u_2[19])Error = 9.78e-05 (43 iters)
(u_2[23])Step 162  t = 1.409861e+01 (dt = 6.14e-02)  (u_2[19])Error = 9.87e-05 (43 iters)
(u_2[23])Step 163  t = 1.415986e+01 (dt = 6.13e-02)  (u_2[19])Error = 9.96e-05 (43 iters)
(u_2[23])Step 164  t = 1.422094e+01 (dt = 6.11e-02)  (u_2[19])Error = 9.01e-05 (44 iters)
(u_2[23])Step 165  t = 1.428186e+01 (dt = 6.09e-02)  (u_2[19])Error = 9.09e-05 (44 iters)
(u_2[23])Step 166  t = 1.434264e+01 (dt = 6.08e-02)  (u_2[19])Error = 9.56e-05 (44 iters)
(u_2[23])Step 167  t = 1.440325e+01 (dt = 6.06e-02)  (u_2[19])Error = 9.75e-05 (44 iters)
(u_2[23])Step 168  t = 1.446370e+01 (dt = 6.04e-02)  (u_2[19])Error = 9.85e-05 (44 iters)
(u_2[23])Step 169  t = 1.452401e+01 (dt = 6.03e-02)  (u_2[19])Error = 9.93e-05 (44 iters)
(u_2[23])Step 170  t = 1.458418e+01 (dt = 6.02e-02)  (u_2[19])Error = 9.01e-05 (45 iters)
(u_2[23])Step 171  t = 1.464421e+01 (dt = 6.00e-02)  (u_2[19])Error = 9.08e-05 (45 iters)
(u_2[23])Step 172  t = 1.470411e+01 (dt = 5.99e-02)  (u_2[19])Error = 9.29e-05 (45 iters)
(u_2[23])Step 173  t = 1.476382e+01 (dt = 5.97e-02)  (u_2[19])Error = 9.38e-05 (45 iters)
(u_2[23])Step 174  t = 1.482339e+01 (dt = 5.96e-02)  (u_2[19])Error = 9.45e-05 (45 iters)
(u_2[23])Step 175  t = 1.488284e+01 (dt = 5.94e-02)  (u_2[19])Error = 9.52e-05 (45 iters)
(u_2[23])Step 176  t = 1.494215e+01 (dt = 5.93e-02)  (u_2[19])Error = 9.59e-05 (45 iters)
(u_2[23])Step 177  t = 1.500134e+01 (dt = 5.92e-02)  (u_2[19])Error = 9.66e-05 (45 iters)
(u_2[23])Step 178  t = 1.506040e+01 (dt = 5.91e-02)  (u_2[19])Error = 9.74e-05 (45 iters)
(u_2[23])Step 179  t = 1.511934e+01 (dt = 5.89e-02)  (u_2[19])Error = 9.81e-05 (45 iters)
(u_2[23])Step 180  t = 1.517815e+01 (dt = 5.88e-02)  (u_2[19])Error = 9.88e-05 (45 iters)
(u_2[23])Step 181  t = 1.523684e+01 (dt = 5.87e-02)  (u_2[19])Error = 9.96e-05 (45 iters)
(u_2[23])Step 182  t = 1.529541e+01 (dt = 5.86e-02)  (u_2[19])Error = 9.05e-05 (46 iters)
(u_2[23])Step 183  t = 1.535386e+01 (dt = 5.84e-02)  (u_2[19])Error = 9.11e-05 (46 iters)
(u_2[23])Step 184  t = 1.541219e+01 (dt = 5.83e-02)  (u_2[19])Error = 9.17e-05 (46 iters)
(u_2[23])Step 185  t = 1.547041e+01 (dt = 5.82e-02)  (u_2[19])Error = 9.23e-05 (46 iters)
(u_2[23])Step 186  t = 1.552852e+01 (dt = 5.81e-02)  (u_2[19])Error = 9.30e-05 (46 iters)
(u_2[23])Step 187  t = 1.558652e+01 (dt = 5.80e-02)  (u_2[19])Error = 9.35e-05 (46 iters)
(u_2[23])Step 188  t = 1.564441e+01 (dt = 5.79e-02)  (u_2[19])Error = 9.41e-05 (46 iters)
(u_2[23])Step 189  t = 1.570219e+01 (dt = 5.78e-02)  (u_2[19])Error = 9.47e-05 (46 iters)
(u_2[23])Step 190  t = 1.575986e+01 (dt = 5.77e-02)  (u_2[19])Error = 9.54e-05 (46 iters)
(u_2[23])Step 191  t = 1.581743e+01 (dt = 5.76e-02)  (u_2[19])Error = 9.59e-05 (46 iters)
(u_2[23])Step 192  t = 1.587489e+01 (dt = 5.75e-02)  (u_2[19])Error = 9.65e-05 (46 iters)
(u_2[23])Step 193  t = 1.593225e+01 (dt = 5.74e-02)  (u_2[19])Error = 9.71e-05 (46 iters)
(u_2[23])Step 194  t = 1.598950e+01 (dt = 5.73e-02)  (u_2[19])Error = 9.76e-05 (46 iters)
(u_2[23])Step 195  t = 1.604666e+01 (dt = 5.72e-02)  (u_2[19])Error = 9.82e-05 (46 iters)
(u_2[23])Step 196  t = 1.610371e+01 (dt = 5.71e-02)  (u_2[19])Error = 9.88e-05 (46 iters)
(u_2[23])Step 197  t = 1.616067e+01 (dt = 5.70e-02)  (u_2[19])Error = 9.94e-05 (46 iters)
(u_2[23])Step 198  t = 1.621753e+01 (dt = 5.69e-02)  (u_2[19])Error = 9.99e-05 (46 iters)
(u_2[23])Step 199  t = 1.627429e+01 (dt = 5.68e-02)  (u_2[19])Error = 9.10e-05 (47 iters)
(u_2[23])Step 200  t = 1.633096e+01 (dt = 5.67e-02)  (u_2[19])Error = 9.15e-05 (47 iters)
(u_2[23])Step 201  t = 1.638753e+01 (dt = 5.66e-02)  (u_2[19])Error = 9.21e-05 (47 iters)
(u_2[23])Step 202  t = 1.644401e+01 (dt = 5.65e-02)  (u_2[19])Error = 9.25e-05 (47 iters)
(u_2[23])Step 203  t = 1.650040e+01 (dt = 5.64e-02)  (u_2[19])Error = 9.30e-05 (47 iters)
(u_2[23])Step 204  t = 1.655669e+01 (dt = 5.63e-02)  (u_2[19])Error = 9.35e-05 (47 iters)
(u_2[23])Step 205  t = 1.661290e+01 (dt = 5.62e-02)  (u_2[19])Error = 9.41e-05 (47 iters)
(u_2[23])Step 206  t = 1.666902e+01 (dt = 5.61e-02)  (u_2[19])Error = 9.46e-05 (47 iters)
(u_2[23])Step 207  t = 1.672505e+01 (dt = 5.60e-02)  (u_2[19])Error = 9.52e-05 (47 iters)
(u_2[23])Step 208  t = 1.678099e+01 (dt = 5.59e-02)  (u_2[19])Error = 9.57e-05 (47 iters)
(u_2[23])Step 209  t = 1.683685e+01 (dt = 5.59e-02)  (u_2[19])Error = 9.62e-05 (47 iters)
(u_2[23])Step 210  t = 1.689262e+01 (dt = 5.58e-02)  (u_2[19])Error = 9.67e-05 (47 iters)
(u_2[23])Step 211  t = 1.694831e+01 (dt = 5.57e-02)  (u_2[19])Error = 9.72e-05 (47 iters)
(u_2[23])Step 212  t = 1.700391e+01 (dt = 5.56e-02)  (u_2[19])Error = 9.77e-05 (47 iters)
(u_2[23])Step 213  t = 1.705943e+01 (dt = 5.55e-02)  (u_2[19])Error = 9.82e-05 (47 iters)
(u_2[23])Step 214  t = 1.711486e+01 (dt = 5.54e-02)  (u_2[19])Error = 9.87e-05 (47 iters)
(u_2[23])Step 215  t = 1.717020e+01 (dt = 5.53e-02)  (u_2[19])Error = 9.91e-05 (47 iters)
(u_2[23])Step 216  t = 1.722545e+01 (dt = 5.53e-02)  (u_2[19])Error = 9.96e-05 (47 iters)
(u_2[23])Step 217  t = 1.728063e+01 (dt = 5.52e-02)  (u_2[19])Error = 9.08e-05 (48 iters)
(u_2[23])Step 218  t = 1.733572e+01 (dt = 5.51e-02)  (u_2[19])Error = 9.12e-05 (48 iters)
(u_2[23])Step 219  t = 1.739071e+01 (dt = 5.50e-02)  (u_2[19])Error = 9.15e-05 (48 iters)
(u_2[23])Step 220  t = 1.744562e+01 (dt = 5.49e-02)  (u_2[19])Error = 9.20e-05 (48 iters)
(u_2[23])Step 221  t = 1.750046e+01 (dt = 5.48e-02)  (u_2[19])Error = 9.24e-05 (48 iters)
(u_2[23])Step 222  t = 1.755521e+01 (dt = 5.48e-02)  (u_2[19])Error = 9.30e-05 (48 iters)
(u_2[23])Step 223  t = 1.760989e+01 (dt = 5.47e-02)  (u_2[19])Error = 9.35e-05 (48 iters)
(u_2[23])Step 224  t = 1.766449e+01 (dt = 5.46e-02)  (u_2[19])Error = 9.39e-05 (48 iters)
(u_2[23])Step 225  t = 1.771901e+01 (dt = 5.45e-02)  (u_2[19])Error = 9.44e-05 (48 iters)
(u_2[23])Step 226  t = 1.777346e+01 (dt = 5.45e-02)  (u_2[19])Error = 9.48e-05 (48 iters)
(u_2[23])Step 227  t = 1.782784e+01 (dt = 5.44e-02)  (u_2[19])Error = 9.53e-05 (48 iters)
(u_2[23])Step 228  t = 1.788214e+01 (dt = 5.43e-02)  (u_2[19])Error = 9.58e-05 (48 iters)
(u_2[23])Step 229  t = 1.793637e+01 (dt = 5.42e-02)  (u_2[19])Error = 9.63e-05 (48 iters)
(u_2[23])Step 230  t = 1.799052e+01 (dt = 5.42e-02)  (u_2[19])Error = 9.67e-05 (48 iters)
(u_2[23])Step 231  t = 1.804460e+01 (dt = 5.41e-02)  (u_2[19])Error = 9.72e-05 (48 iters)
(u_2[23])Step 232  t = 1.809861e+01 (dt = 5.40e-02)  (u_2[19])Error = 9.77e-05 (48 iters)
(u_2[23])Step 233  t = 1.815255e+01 (dt = 5.39e-02)  (u_2[19])Error = 9.81e-05 (48 iters)
(u_2[23])Step 234  t = 1.820643e+01 (dt = 5.39e-02)  (u_2[19])Error = 9.86e-05 (48 iters)
(u_2[23])Step 235  t = 1.826023e+01 (dt = 5.38e-02)  (u_2[19])Error = 9.90e-05 (48 iters)
(u_2[23])Step 236  t = 1.831397e+01 (dt = 5.37e-02)  (u_2[19])Error = 9.95e-05 (48 iters)
(u_2[23])Step 237  t = 1.836763e+01 (dt = 5.37e-02)  (u_2[19])Error = 9.99e-05 (48 iters)
(u_2[23])Step 238  t = 1.842124e+01 (dt = 5.36e-02)  (u_2[19])Error = 9.12e-05 (49 iters)
(u_2[23])Step 239  t = 1.847478e+01 (dt = 5.35e-02)  (u_2[19])Error = 9.16e-05 (49 iters)
(u_2[23])Step 240  t = 1.852826e+01 (dt = 5.35e-02)  (u_2[19])Error = 9.21e-05 (49 iters)
(u_2[23])Step 241  t = 1.858167e+01 (dt = 5.34e-02)  (u_2[19])Error = 9.25e-05 (49 iters)
(u_2[23])Step 242  t = 1.863501e+01 (dt = 5.33e-02)  (u_2[19])Error = 9.28e-05 (49 iters)
(u_2[23])Step 243  t = 1.868829e+01 (dt = 5.33e-02)  (u_2[19])Error = 9.33e-05 (49 iters)
(u_2[23])Step 244  t = 1.874150e+01 (dt = 5.32e-02)  (u_2[19])Error = 9.37e-05 (49 iters)
(u_2[23])Step 245  t = 1.879466e+01 (dt = 5.32e-02)  (u_2[19])Error = 9.41e-05 (49 iters)
(u_2[23])Step 246  t = 1.884774e+01 (dt = 5.31e-02)  (u_2[19])Error = 9.45e-05 (49 iters)
(u_2[23])Step 247  t = 1.890077e+01 (dt = 5.30e-02)  (u_2[19])Error = 9.49e-05 (49 iters)
(u_2[23])Step 248  t = 1.895373e+01 (dt = 5.30e-02)  (u_2[19])Error = 9.53e-05 (49 iters)
(u_2[23])Step 249  t = 1.900664e+01 (dt = 5.29e-02)  (u_2[19])Error = 9.57e-05 (49 iters)
(u_2[23])Step 250  t = 1.905948e+01 (dt = 5.28e-02)  (u_2[19])Error = 9.61e-05 (49 iters)
(u_2[23])Step 251  t = 1.911226e+01 (dt = 5.28e-02)  (u_2[19])Error = 9.65e-05 (49 iters)
(u_2[23])Step 252  t = 1.916498e+01 (dt = 5.27e-02)  (u_2[19])Error = 9.69e-05 (49 iters)
(u_2[23])Step 253  t = 1.921765e+01 (dt = 5.27e-02)  (u_2[19])Error = 9.73e-05 (49 iters)
(u_2[23])Step 254  t = 1.927025e+01 (dt = 5.26e-02)  (u_2[19])Error = 9.77e-05 (49 iters)
(u_2[23])Step 255  t = 1.932280e+01 (dt = 5.25e-02)  (u_2[19])Error = 9.82e-05 (49 iters)
(u_2[23])Step 256  t = 1.937529e+01 (dt = 5.25e-02)  (u_2[19])Error = 9.86e-05 (49 iters)
(u_2[23])Step 257  t = 1.942772e+01 (dt = 5.24e-02)  (u_2[19])Error = 9.89e-05 (49 iters)
(u_2[23])Step 258  t = 1.948009e+01 (dt = 5.24e-02)  (u_2[19])Error = 9.93e-05 (49 iters)
(u_2[23])Step 259  t = 1.953241e+01 (dt = 5.23e-02)  (u_2[19])Error = 9.97e-05 (49 iters)
(u_2[23])Step 260  t = 1.958467e+01 (dt = 5.23e-02)  (u_2[19])Error = 9.12e-05 (50 iters)
(u_2[23])Step 261  t = 1.963687e+01 (dt = 5.22e-02)  (u_2[19])Error = 9.15e-05 (50 iters)
(u_2[23])Step 262  t = 1.968902e+01 (dt = 5.21e-02)  (u_2[19])Error = 9.19e-05 (50 iters)
(u_2[23])Step 263  t = 1.974111e+01 (dt = 5.21e-02)  (u_2[19])Error = 9.22e-05 (50 iters)
(u_2[23])Step 264  t = 1.979315e+01 (dt = 5.20e-02)  (u_2[19])Error = 9.26e-05 (50 iters)
(u_2[23])Step 265  t = 1.984513e+01 (dt = 5.20e-02)  (u_2[19])Error = 9.30e-05 (50 iters)
(u_2[23])Step 266  t = 1.989706e+01 (dt = 5.19e-02)  (u_2[19])Error = 9.33e-05 (50 iters)
(u_2[23])Step 267  t = 1.994893e+01 (dt = 5.19e-02)  (u_2[19])Error = 9.37e-05 (50 iters)
(u_2[23])Step 268  t = 2.000075e+01 (dt = 5.18e-02)  (u_2[19])Error = 9.40e-05 (50 iters)
(u_2[23])Step 269  t = 2.005253e+01 (dt = 5.18e-02)  (u_2[19])Error = 9.44e-05 (50 iters)
(u_2[23])Step 270  t = 2.010424e+01 (dt = 5.17e-02)  (u_2[19])Error = 9.48e-05 (50 iters)
(u_2[23])Step 271  t = 2.015591e+01 (dt = 5.17e-02)  (u_2[19])Error = 9.51e-05 (50 iters)
(u_2[23])Step 272  t = 2.020752e+01 (dt = 5.16e-02)  (u_2[19])Error = 9.55e-05 (50 iters)
(u_2[23])Step 273  t = 2.025909e+01 (dt = 5.16e-02)  (u_2[19])Error = 9.59e-05 (50 iters)
(u_2[23])Step 274  t = 2.031060e+01 (dt = 5.15e-02)  (u_2[19])Error = 9.62e-05 (50 iters)
(u_2[23])Step 275  t = 2.036206e+01 (dt = 5.15e-02)  (u_2[19])Error = 9.66e-05 (50 iters)
(u_2[23])Step 276  t = 2.041346e+01 (dt = 5.14e-02)  (u_2[19])Error = 9.69e-05 (50 iters)
(u_2[23])Step 277  t = 2.046482e+01 (dt = 5.14e-02)  (u_2[19])Error = 9.73e-05 (50 iters)
(u_2[780])Step 278  t = 2.051612e+01 (dt = 5.13e-02)  (u_2[19])Error = 9.76e-05 (50 iters)
(u_2[780])Step 279  t = 2.056735e+01 (dt = 5.12e-02)  (u_2[19])Error = 9.79e-05 (50 iters)
(u_2[780])Step 280  t = 2.061851e+01 (dt = 5.12e-02)  (u_2[19])Error = 9.82e-05 (50 iters)
(u_2[780])Step 281  t = 2.066959e+01 (dt = 5.11e-02)  (u_2[19])Error = 9.85e-05 (50 iters)
(u_2[780])Step 282  t = 2.072061e+01 (dt = 5.10e-02)  (u_2[19])Error = 9.88e-05 (50 iters)
(u_2[20])Step 283  t = 2.077156e+01 (dt = 5.10e-02)  (u_2[19])Error = 9.91e-05 (50 iters)
(u_2[20])Step 284  t = 2.082244e+01 (dt = 5.09e-02)  (u_2[19])Error = 9.94e-05 (50 iters)
(u_2[20])Step 285  t = 2.087325e+01 (dt = 5.08e-02)  (u_2[19])Error = 9.97e-05 (50 iters)
(u_2[20])Step 286  t = 2.092399e+01 (dt = 5.07e-02)  (u_2[19])Error = 9.13e-05 (51 iters)
(u_2[20])Step 287  t = 2.097465e+01 (dt = 5.07e-02)  (u_2[19])Error = 9.15e-05 (51 iters)
(u_2[20])Step 288  t = 2.102524e+01 (dt = 5.06e-02)  (u_2[19])Error = 9.18e-05 (51 iters)
(u_2[20])Step 289  t = 2.107576e+01 (dt = 5.05e-02)  (u_2[19])Error = 9.20e-05 (51 iters)
(u_2[20])Step 290  t = 2.112622e+01 (dt = 5.05e-02)  (u_2[19])Error = 9.23e-05 (51 iters)
(u_2[20])Step 291  t = 2.117662e+01 (dt = 5.04e-02)  (u_2[19])Error = 9.26e-05 (51 iters)
(u_2[20])Step 292  t = 2.122695e+01 (dt = 5.03e-02)  (u_2[19])Error = 9.29e-05 (51 iters)
(u_2[20])Step 293  t = 2.127721e+01 (dt = 5.03e-02)  (u_2[19])Error = 9.31e-05 (51 iters)
(u_2[20])Step 294  t = 2.132742e+01 (dt = 5.02e-02)  (u_2[19])Error = 9.32e-05 (51 iters)
(u_2[20])Step 295  t = 2.137756e+01 (dt = 5.01e-02)  (u_2[19])Error = 9.35e-05 (51 iters)
(u_2[20])Step 296  t = 2.142763e+01 (dt = 5.01e-02)  (u_2[19])Error = 9.38e-05 (51 iters)
(u_2[20])Step 297  t = 2.147764e+01 (dt = 5.00e-02)  (u_2[19])Error = 9.40e-05 (51 iters)
(u_2[20])Step 298  t = 2.152759e+01 (dt = 5.00e-02)  (u_2[19])Error = 9.43e-05 (51 iters)
(u_2[20])Step 299  t = 2.157748e+01 (dt = 4.99e-02)  (u_2[19])Error = 9.45e-05 (51 iters)
(u_2[20])Step 300  t = 2.162731e+01 (dt = 4.98e-02)  (u_2[19])Error = 9.48e-05 (51 iters)
(u_2[20])Step 301  t = 2.167708e+01 (dt = 4.98e-02)  (u_2[19])Error = 9.51e-05 (51 iters)
(u_2[20])Step 302  t = 2.172679e+01 (dt = 4.97e-02)  (u_2[19])Error = 9.44e-05 (51 iters)
(u_2[20])Step 303  t = 2.177643e+01 (dt = 4.96e-02)  (u_1[226])Error = 9.73e-05 (52 iters)
(u_2[20])Step 304  t = 2.182591e+01 (dt = 4.95e-02)  (u_1[226])Error = 9.73e-05 (52 iters)
(u_2[20])Step 305  t = 2.187533e+01 (dt = 4.94e-02)  (u_1[226])Error = 9.76e-05 (52 iters)
(u_2[20])Step 306  t = 2.192469e+01 (dt = 4.94e-02)  (u_1[226])Error = 9.79e-05 (52 iters)
(u_2[20])Step 307  t = 2.197398e+01 (dt = 4.93e-02)  (u_1[226])Error = 9.81e-05 (52 iters)
(u_2[20])Step 308  t = 2.202322e+01 (dt = 4.92e-02)  (u_1[226])Error = 9.84e-05 (52 iters)
(u_2[20])Step 309  t = 2.207239e+01 (dt = 4.92e-02)  (u_1[226])Error = 9.87e-05 (52 iters)
(u_2[20])Step 310  t = 2.212151e+01 (dt = 4.91e-02)  (u_1[226])Error = 9.89e-05 (52 iters)
(u_2[20])Step 311  t = 2.217056e+01 (dt = 4.91e-02)  (u_1[226])Error = 9.92e-05 (52 iters)
(u_2[20])Step 312  t = 2.221956e+01 (dt = 4.90e-02)  (u_1[226])Error = 9.95e-05 (52 iters)
(u_2[20])Step 313  t = 2.226849e+01 (dt = 4.89e-02)  (u_1[226])Error = 9.99e-05 (52 iters)
(u_2[20])Step 314  t = 2.231737e+01 (dt = 4.89e-02)  (u_1[226])Error = 9.17e-05 (53 iters)
(u_2[20])Step 315  t = 2.236619e+01 (dt = 4.88e-02)  (u_1[226])Error = 9.19e-05 (53 iters)
(u_2[20])Step 316  t = 2.241496e+01 (dt = 4.88e-02)  (u_1[226])Error = 9.22e-05 (53 iters)
(u_2[20])Step 317  t = 2.246367e+01 (dt = 4.87e-02)  (u_1[226])Error = 9.26e-05 (53 iters)
(u_2[20])Step 318  t = 2.251233e+01 (dt = 4.87e-02)  (u_1[226])Error = 9.28e-05 (53 iters)
(u_2[20])Step 319  t = 2.256093e+01 (dt = 4.86e-02)  (u_1[226])Error = 9.29e-05 (53 iters)
(u_2[20])Step 320  t = 2.260947e+01 (dt = 4.85e-02)  (u_1[226])Error = 9.32e-05 (53 iters)
(u_2[20])Step 321  t = 2.265796e+01 (dt = 4.85e-02)  (u_1[226])Error = 9.34e-05 (53 iters)
(u_2[20])Step 322  t = 2.270639e+01 (dt = 4.84e-02)  (u_1[226])Error = 9.37e-05 (53 iters)
(u_2[20])Step 323  t = 2.275478e+01 (dt = 4.84e-02)  (u_1[226])Error = 9.39e-05 (53 iters)
(u_2[20])Step 324  t = 2.280311e+01 (dt = 4.83e-02)  (u_1[226])Error = 9.42e-05 (53 iters)
(u_2[20])Step 325  t = 2.285138e+01 (dt = 4.83e-02)  (u_1[226])Error = 9.44e-05 (53 iters)
(u_2[20])Step 326  t = 2.289961e+01 (dt = 4.82e-02)  (u_1[226])Error = 9.47e-05 (53 iters)
(u_2[20])Step 327  t = 2.294778e+01 (dt = 4.82e-02)  (u_1[226])Error = 9.49e-05 (53 iters)
(u_2[20])Step 328  t = 2.299590e+01 (dt = 4.81e-02)  (u_1[226])Error = 9.51e-05 (53 iters)
(u_2[20])Step 329  t = 2.304396e+01 (dt = 4.81e-02)  (u_1[226])Error = 9.54e-05 (53 iters)
(u_2[20])Step 330  t = 2.309198e+01 (dt = 4.80e-02)  (u_1[226])Error = 9.56e-05 (53 iters)
(u_2[20])Step 331  t = 2.313994e+01 (dt = 4.80e-02)  (u_1[226])Error = 9.58e-05 (53 iters)
(u_2[20])Step 332  t = 2.318786e+01 (dt = 4.79e-02)  (u_1[226])Error = 9.61e-05 (53 iters)
(u_2[20])Step 333  t = 2.323572e+01 (dt = 4.79e-02)  (u_1[226])Error = 9.63e-05 (53 iters)
(u_2[20])Step 334  t = 2.328354e+01 (dt = 4.78e-02)  (u_1[226])Error = 9.66e-05 (53 iters)
(u_2[20])Step 335  t = 2.333130e+01 (dt = 4.78e-02)  (u_1[226])Error = 9.68e-05 (53 iters)
(u_2[20])Step 336  t = 2.337902e+01 (dt = 4.77e-02)  (u_1[226])Error = 9.71e-05 (53 iters)
(u_2[20])Step 337  t = 2.342669e+01 (dt = 4.77e-02)  (u_1[226])Error = 9.73e-05 (53 iters)
(u_2[20])Step 338  t = 2.347431e+01 (dt = 4.76e-02)  (u_1[226])Error = 9.76e-05 (53 iters)
(u_2[20])Step 339  t = 2.352188e+01 (dt = 4.76e-02)  (u_1[226])Error = 9.78e-05 (53 iters)
(u_2[20])Step 340  t = 2.356940e+01 (dt = 4.75e-02)  (u_1[226])Error = 9.81e-05 (53 iters)
(u_2[20])Step 341  t = 2.361688e+01 (dt = 4.75e-02)  (u_1[226])Error = 9.84e-05 (53 iters)
(u_2[20])Step 342  t = 2.366430e+01 (dt = 4.74e-02)  (u_1[226])Error = 9.87e-05 (53 iters)
(u_2[20])Step 343  t = 2.371167e+01 (dt = 4.74e-02)  (u_1[226])Error = 9.95e-05 (53 iters)
(u_2[20])Step 344  t = 2.375899e+01 (dt = 4.73e-02)  (u_1[226])Error = 9.98e-05 (53 iters)
(u_2[20])Step 345  t = 2.380627e+01 (dt = 4.73e-02)  (u_1[226])Error = 9.96e-05 (53 iters)
(u_2[20])Step 346  t = 2.385351e+01 (dt = 4.72e-02)  (u_1[226])Error = 9.44e-05 (54 iters)
(u_2[20])Step 347  t = 2.390069e+01 (dt = 4.72e-02)  (u_1[226])Error = 9.96e-05 (54 iters)
(u_2[20])Step 348  t = 2.394783e+01 (dt = 4.71e-02)  (u_1[226])Error = 9.99e-05 (54 iters)
(u_2[20])Step 349  t = 2.399493e+01 (dt = 4.71e-02)  (u_1[226])Error = 9.21e-05 (55 iters)
(u_2[20])Step 350  t = 2.404198e+01 (dt = 4.71e-02)  (u_1[226])Error = 9.23e-05 (55 iters)
(u_2[20])Step 351  t = 2.408899e+01 (dt = 4.70e-02)  (u_1[226])Error = 9.25e-05 (55 iters)
(u_2[20])Step 352  t = 2.413595e+01 (dt = 4.70e-02)  (u_1[226])Error = 9.27e-05 (55 iters)
(u_2[20])Step 353  t = 2.418288e+01 (dt = 4.69e-02)  (u_1[226])Error = 9.89e-05 (53 iters)
(u_2[20])Step 354  t = 2.422974e+01 (dt = 4.69e-02)  (u_2[19])Error = 9.31e-05 (54 iters)
(u_2[20])Step 355  t = 2.427654e+01 (dt = 4.68e-02)  (u_2[19])Error = 9.33e-05 (54 iters)
(u_2[20])Step 356  t = 2.432330e+01 (dt = 4.68e-02)  (u_1[226])Error = 9.28e-05 (54 iters)
(u_2[20])Step 357  t = 2.437000e+01 (dt = 4.67e-02)  (u_1[226])Error = 9.31e-05 (54 iters)
(u_2[20])Step 358  t = 2.441664e+01 (dt = 4.66e-02)  (u_1[226])Error = 9.34e-05 (54 iters)
(u_2[20])Step 359  t = 2.446324e+01 (dt = 4.66e-02)  (u_1[226])Error = 9.38e-05 (54 iters)
(u_2[20])Step 360  t = 2.450980e+01 (dt = 4.66e-02)  (u_1[226])Error = 9.41e-05 (54 iters)
(u_2[20])Step 361  t = 2.455631e+01 (dt = 4.65e-02)  (u_1[226])Error = 9.47e-05 (54 iters)
(u_2[20])Step 362  t = 2.460278e+01 (dt = 4.65e-02)  (u_1[226])Error = 9.52e-05 (54 iters)
(u_2[20])Step 363  t = 2.464921e+01 (dt = 4.64e-02)  (u_1[226])Error = 9.57e-05 (54 iters)
(u_2[20])Step 364  t = 2.469559e+01 (dt = 4.64e-02)  (u_1[226])Error = 9.61e-05 (54 iters)
(u_2[20])Step 365  t = 2.474193e+01 (dt = 4.63e-02)  (u_1[226])Error = 9.68e-05 (54 iters)
(u_2[20])Step 366  t = 2.478823e+01 (dt = 4.63e-02)  (u_1[226])Error = 9.54e-05 (55 iters)
(u_2[20])Step 367  t = 2.483446e+01 (dt = 4.62e-02)  (u_1[226])Error = 9.66e-05 (55 iters)
(u_2[20])Step 368  t = 2.488065e+01 (dt = 4.62e-02)  (u_1[226])Error = 9.69e-05 (55 iters)
(u_2[20])Step 369  t = 2.492679e+01 (dt = 4.61e-02)  (u_1[226])Error = 9.26e-05 (56 iters)
(u_2[20])Step 370  t = 2.497287e+01 (dt = 4.61e-02)  (u_2[19])Error = 9.35e-05 (56 iters)
(u_2[20])Step 371  t = 2.501890e+01 (dt = 4.60e-02)  (u_2[19])Error = 9.37e-05 (56 iters)
(u_2[20])Step 372  t = 2.506489e+01 (dt = 4.60e-02)  (u_2[19])Error = 9.40e-05 (56 iters)
(u_2[20])Step 373  t = 2.511084e+01 (dt = 4.59e-02)  (u_2[19])Error = 9.43e-05 (56 iters)
(u_2[20])Step 374  t = 2.515675e+01 (dt = 4.59e-02)  (u_2[19])Error = 9.45e-05 (56 iters)
(u_2[20])Step 375  t = 2.520261e+01 (dt = 4.59e-02)  (u_2[19])Error = 9.49e-05 (56 iters)
(u_2[20])Step 376  t = 2.524844e+01 (dt = 4.58e-02)  (u_2[19])Error = 9.51e-05 (56 iters)
(u_2[20])Step 377  t = 2.529422e+01 (dt = 4.58e-02)  (u_2[19])Error = 9.54e-05 (56 iters)
(u_2[20])Step 378  t = 2.533997e+01 (dt = 4.57e-02)  (u_2[19])Error = 9.57e-05 (56 iters)
(u_2[20])Step 379  t = 2.538567e+01 (dt = 4.57e-02)  (u_2[19])Error = 9.59e-05 (56 iters)
(u_2[20])Step 380  t = 2.543134e+01 (dt = 4.57e-02)  (u_2[19])Error = 9.62e-05 (56 iters)
(u_2[20])Step 381  t = 2.547697e+01 (dt = 4.56e-02)  (u_2[19])Error = 9.64e-05 (56 iters)
(u_2[20])Step 382  t = 2.552256e+01 (dt = 4.56e-02)  (u_2[19])Error = 9.66e-05 (56 iters)
(u_2[20])Step 383  t = 2.556812e+01 (dt = 4.56e-02)  (u_2[19])Error = 9.69e-05 (56 iters)
(u_2[20])Step 384  t = 2.561363e+01 (dt = 4.55e-02)  (u_1[226])Error = 9.72e-05 (56 iters)
(u_2[20])Step 385  t = 2.565911e+01 (dt = 4.55e-02)  (u_1[226])Error = 9.74e-05 (56 iters)
(u_2[20])Step 386  t = 2.570455e+01 (dt = 4.54e-02)  (u_1[226])Error = 9.76e-05 (56 iters)
(u_2[20])Step 387  t = 2.574995e+01 (dt = 4.54e-02)  (u_1[226])Error = 9.79e-05 (56 iters)
(u_2[20])Step 388  t = 2.579532e+01 (dt = 4.54e-02)  (u_2[19])Error = 9.81e-05 (56 iters)
(u_2[20])Step 389  t = 2.584065e+01 (dt = 4.53e-02)  (u_2[19])Error = 9.83e-05 (56 iters)
(u_2[20])Step 390  t = 2.588594e+01 (dt = 4.53e-02)  (u_2[19])Error = 9.86e-05 (56 iters)
(u_2[20])Step 391  t = 2.593119e+01 (dt = 4.53e-02)  (u_2[19])Error = 9.88e-05 (56 iters)
(u_2[20])Step 392  t = 2.597639e+01 (dt = 4.52e-02)  (u_1[226])Error = 9.90e-05 (56 iters)
(u_2[20])Step 393  t = 2.602153e+01 (dt = 4.51e-02)
At Models/ConstitutiveLaws/Plasticity.c, line 875