
Info: Started on Thu Mar  4 08:03:52 2021

Reading toto
Enter in Geometry
Enter in Periodicities
Enter in Fields
Enter in Functions
Enter in Function 1
Enter in Materials
Enter in Material 1
Enter in Material 2
Enter in Mesh
Enter in Initial Conditions
Enter in Loads
Enter in Boundary Conditions
Enter in Boundary Condition 1
Enter in Boundary Condition 2
Enter in Points
Enter in Dates
Enter in Objective Variations
Enter in Time Steps
Enter in Iterative Process
End of reading toto

Calculation
Step 1  t = 1.000000e-01 (dt = 1.00e-01)  (u_1[1188])Error = 4.00e-10 (2 iters)
(u_1[5])Step 2  t = 2.429090e-01 (dt = 1.43e-01)  (u_1[1188])Error = 5.68e-10 (2 iters)
(u_1[5])Step 3  t = 3.858180e-01 (dt = 1.43e-01)  (u_2[157])Error = 7.16e-06 (5 iters)
(u_2[8])Step 4  t = 5.279525e-01 (dt = 1.42e-01)  (u_1[290])Error = 3.11e-05 (6 iters)
(u_2[153])Step 5  t = 6.559748e-01 (dt = 1.28e-01)  (u_2[288])Error = 6.37e-05 (7 iters)
(u_2[153])Step 6  t = 7.666573e-01 (dt = 1.11e-01)  (u_2[154])Error = 5.11e-05 (7 iters)
(u_1[160])Step 7  t = 8.701222e-01 (dt = 1.03e-01)  (u_1[158])Error = 3.62e-05 (7 iters)
(u_2[152])Step 8  t = 9.718859e-01 (dt = 1.02e-01)  (u_1[1833])Error = 2.17e-05 (7 iters)
(u_2[152])Step 9  t = 1.000000e+00 (dt = 2.81e-02)  (u_1[2065])Error = 4.33e-05 (4 iters)
Step 10  t = 1.100000e+00 (dt = 1.00e-01)  (u_1[871])Error = 1.52e-05 (7 iters)
(u_1[161])Step 11  t = 1.215820e+00 (dt = 1.16e-01)  (u_1[2059])Error = 3.90e-05 (7 iters)
(u_2[13])Step 12  t = 1.338317e+00 (dt = 1.22e-01)  (u_1[1097])Error = 2.64e-05 (7 iters)
(u_2[14])Step 13  t = 1.463627e+00 (dt = 1.25e-01)  (u_1[2006])Error = 6.97e-06 (7 iters)
(u_1[25])Step 14  t = 1.590065e+00 (dt = 1.26e-01)  (u_2[1088])Error = 3.67e-05 (6 iters)
(u_1[25])Step 15  t = 1.718032e+00 (dt = 1.28e-01)  (u_2[971])Error = 3.84e-06 (7 iters)
(u_2[232])Step 16  t = 1.849429e+00 (dt = 1.31e-01)  (u_1[293])Error = 3.31e-06 (7 iters)
(u_1[25])Step 17  t = 1.984798e+00 (dt = 1.35e-01)  (u_1[161])Error = 7.14e-05 (6 iters)
(u_1[24])Step 18  t = 2.000000e+00 (dt = 1.52e-02)  (u_2[2030])Error = 3.61e-06 (6 iters)
Step 19  t = 2.100000e+00 (dt = 1.00e-01)  (u_1[16])Error = 5.64e-06 (6 iters)
(u_2[1891])Step 20  t = 2.242749e+00 (dt = 1.43e-01)  (u_1[231])Error = 1.01e-05 (7 iters)
(u_2[902])Step 21  t = 2.382162e+00 (dt = 1.39e-01)  (u_2[223])Error = 4.39e-05 (6 iters)
(u_2[902])Step 22  t = 2.519367e+00 (dt = 1.37e-01)  (u_2[227])Error = 8.80e-06 (7 iters)
(u_2[1864])Step 23  t = 2.654676e+00 (dt = 1.35e-01)  (u_1[20])Error = 5.73e-05 (6 iters)
(u_1[995])Step 24  t = 2.787498e+00 (dt = 1.33e-01)  (u_1[227])Error = 7.04e-05 (6 iters)
(u_1[995])Step 25  t = 2.918184e+00 (dt = 1.31e-01)  (u_1[20])Error = 8.32e-05 (6 iters)
(u_1[918])Step 26  t = 3.000000e+00 (dt = 8.18e-02)  (u_2[227])Error = 6.77e-05 (5 iters)
Step 27  t = 3.100000e+00 (dt = 1.00e-01)  (u_1[20])Error = 3.21e-05 (6 iters)
(u_1[149])Step 28  t = 3.225356e+00 (dt = 1.25e-01)  (u_1[20])Error = 2.68e-05 (7 iters)
(u_1[149])Step 29  t = 3.349151e+00 (dt = 1.24e-01)  (u_1[20])Error = 3.18e-05 (7 iters)
(u_2[1139])Step 30  t = 3.471719e+00 (dt = 1.23e-01)  (u_2[227])Error = 3.56e-05 (7 iters)
(u_1[1138])Step 31  t = 3.592944e+00 (dt = 1.21e-01)  (u_1[20])Error = 3.96e-05 (7 iters)
(u_1[1138])Step 32  t = 3.712914e+00 (dt = 1.20e-01)  (u_1[20])Error = 4.36e-05 (7 iters)
(u_1[1138])Step 33  t = 3.831878e+00 (dt = 1.19e-01)  (u_1[20])Error = 4.79e-05 (7 iters)
(u_1[8])Step 34  t = 3.949723e+00 (dt = 1.18e-01)  (u_1[20])Error = 5.03e-05 (7 iters)
(u_1[8])Step 35  t = 4.000000e+00 (dt = 5.03e-02)  (u_2[287])Error = 3.99e-05 (5 iters)
Step 36  t = 4.100000e+00 (dt = 1.00e-01)  (u_1[20])Error = 2.55e-05 (7 iters)
(u_1[8])Step 37  t = 4.215517e+00 (dt = 1.16e-01)  (u_1[20])Error = 5.65e-05 (7 iters)
(u_2[220])Step 38  t = 4.329891e+00 (dt = 1.14e-01)  (u_2[227])Error = 5.90e-05 (7 iters)
(u_2[220])Step 39  t = 4.443029e+00 (dt = 1.13e-01)  (u_1[20])Error = 6.09e-05 (7 iters)
(u_2[220])Step 40  t = 4.554984e+00 (dt = 1.12e-01)  (u_1[20])Error = 6.17e-05 (7 iters)
(u_2[220])Step 41  t = 4.665872e+00 (dt = 1.11e-01)  (u_1[20])Error = 6.26e-05 (7 iters)
(u_2[220])Step 42  t = 4.775809e+00 (dt = 1.10e-01)  (u_1[20])Error = 6.33e-05 (7 iters)
(u_2[220])Step 43  t = 4.884846e+00 (dt = 1.09e-01)  (u_1[20])Error = 6.50e-05 (7 iters)
(u_2[220])Step 44  t = 4.993055e+00 (dt = 1.08e-01)  (u_1[20])Error = 6.51e-05 (7 iters)
(u_2[220])Step 45  t = 5.000000e+00 (dt = 6.94e-03)  (u_2[951])Error = 2.33e-05 (4 iters)
Step 46  t = 5.100000e+00 (dt = 1.00e-01)  (u_1[20])Error = 4.69e-05 (7 iters)
(u_2[220])Step 47  t = 5.206709e+00 (dt = 1.07e-01)  (u_1[20])Error = 6.74e-05 (7 iters)
(u_2[221])Step 48  t = 5.312492e+00 (dt = 1.06e-01)  (u_1[20])Error = 6.76e-05 (7 iters)
(u_2[221])Step 49  t = 5.417239e+00 (dt = 1.05e-01)  (u_1[20])Error = 6.77e-05 (7 iters)
(u_2[221])Step 50  t = 5.521025e+00 (dt = 1.04e-01)  (u_1[20])Error = 6.85e-05 (7 iters)
(u_2[221])Step 51  t = 5.623912e+00 (dt = 1.03e-01)  (u_1[20])Error = 6.74e-05 (7 iters)
(u_2[221])Step 52  t = 5.725921e+00 (dt = 1.02e-01)  (u_1[20])Error = 6.69e-05 (7 iters)
(u_2[221])Step 53  t = 5.827099e+00 (dt = 1.01e-01)  (u_1[20])Error = 6.67e-05 (7 iters)
(u_2[221])Step 54  t = 5.927522e+00 (dt = 1.00e-01)  (u_1[20])Error = 6.77e-05 (7 iters)
(u_1[14])Step 55  t = 6.027281e+00 (dt = 9.98e-02)  (u_1[20])Error = 6.72e-05 (7 iters)
(u_2[221])Step 56  t = 6.126287e+00 (dt = 9.90e-02)  (u_1[20])Error = 6.63e-05 (7 iters)
(u_2[221])Step 57  t = 6.224427e+00 (dt = 9.81e-02)  (u_2[19])Error = 7.02e-05 (7 iters)
(u_2[221])Step 58  t = 6.321904e+00 (dt = 9.75e-02)  (u_1[476])Error = 8.19e-05 (7 iters)
(u_2[221])Step 59  t = 6.418751e+00 (dt = 9.68e-02)  (u_1[476])Error = 9.74e-05 (7 iters)
(u_2[222])Step 60  t = 6.514814e+00 (dt = 9.61e-02)  (u_1[476])Error = 5.36e-05 (8 iters)
(u_2[222])Step 61  t = 6.610065e+00 (dt = 9.53e-02)  (u_2[1440])Error = 6.59e-05 (8 iters)
(u_2[222])Step 62  t = 6.704556e+00 (dt = 9.45e-02)  (u_1[476])Error = 8.24e-05 (8 iters)
(u_2[222])Step 63  t = 6.798325e+00 (dt = 9.38e-02)  (u_1[476])Error = 5.10e-05 (9 iters)
(u_2[222])Step 64  t = 6.891383e+00 (dt = 9.31e-02)  (u_2[1440])Error = 6.79e-05 (9 iters)
(u_2[222])Step 65  t = 6.983759e+00 (dt = 9.24e-02)  (u_2[1440])Error = 8.79e-05 (9 iters)
(u_2[222])Step 66  t = 7.075500e+00 (dt = 9.17e-02)  (u_2[1440])Error = 6.43e-05 (10 iters)
(u_2[222])Step 67  t = 7.166628e+00 (dt = 9.11e-02)  (u_2[1440])Error = 9.14e-05 (10 iters)
(u_2[222])Step 68  t = 7.257170e+00 (dt = 9.05e-02)  (u_2[1440])Error = 7.73e-05 (11 iters)
(u_2[222])Step 69  t = 7.347144e+00 (dt = 9.00e-02)  (u_2[1440])Error = 7.32e-05 (12 iters)
(u_2[222])Step 70  t = 7.436539e+00 (dt = 8.94e-02)  (u_2[1440])Error = 7.56e-05 (13 iters)
(u_2[222])Step 71  t = 7.525335e+00 (dt = 8.88e-02)  (u_1[226])Error = 8.63e-05 (21 iters)
(u_2[222])Step 72  t = 7.613331e+00 (dt = 8.80e-02)  (u_2[19])Error = 8.51e-05 (23 iters)
(u_2[222])Step 73  t = 7.700658e+00 (dt = 8.73e-02)  (u_2[19])Error = 8.88e-05 (23 iters)
(u_2[222])Step 74  t = 7.787471e+00 (dt = 8.68e-02)  (u_1[226])Error = 8.93e-05 (23 iters)
(u_2[222])Step 75  t = 7.873705e+00 (dt = 8.62e-02)  (u_1[19])Error = 8.93e-05 (23 iters)
(u_2[222])Step 76  t = 7.959192e+00 (dt = 8.55e-02)  (u_1[19])Error = 9.50e-05 (23 iters)
(u_2[222])Step 77  t = 8.044243e+00 (dt = 8.51e-02)  (u_1[19])Error = 7.98e-05 (24 iters)
(u_2[222])Step 78  t = 8.128869e+00 (dt = 8.46e-02)  (u_1[19])Error = 8.44e-05 (24 iters)
(u_2[222])Step 79  t = 8.213083e+00 (dt = 8.42e-02)  (u_1[19])Error = 8.92e-05 (24 iters)
(u_2[222])Step 80  t = 8.296893e+00 (dt = 8.38e-02)  (u_1[19])Error = 9.42e-05 (24 iters)
(u_2[222])Step 81  t = 8.380263e+00 (dt = 8.34e-02)  (u_1[19])Error = 9.91e-05 (24 iters)
(u_2[222])Step 82  t = 8.463235e+00 (dt = 8.30e-02)  (u_1[19])Error = 8.34e-05 (25 iters)
(u_2[222])Step 83  t = 8.545830e+00 (dt = 8.26e-02)  (u_1[19])Error = 8.75e-05 (25 iters)
(u_2[222])Step 84  t = 8.628049e+00 (dt = 8.22e-02)  (u_1[19])Error = 9.19e-05 (25 iters)
(u_2[222])Step 85  t = 8.709916e+00 (dt = 8.19e-02)  (u_1[19])Error = 9.63e-05 (25 iters)
(u_2[222])Step 86  t = 8.791432e+00 (dt = 8.15e-02)  (u_1[19])Error = 8.13e-05 (26 iters)
(u_2[222])Step 87  t = 8.872609e+00 (dt = 8.12e-02)  (u_1[19])Error = 8.49e-05 (26 iters)
(u_2[222])Step 88  t = 8.953452e+00 (dt = 8.08e-02)  (u_1[19])Error = 8.87e-05 (26 iters)
(u_2[222])Step 89  t = 9.033965e+00 (dt = 8.05e-02)  (u_1[19])Error = 9.22e-05 (26 iters)
(u_2[222])Step 90  t = 9.114155e+00 (dt = 8.02e-02)  (u_1[19])Error = 9.61e-05 (26 iters)
(u_2[222])Step 91  t = 9.194011e+00 (dt = 7.99e-02)  (u_1[19])Error = 9.91e-05 (26 iters)
(u_2[222])Step 92  t = 9.273548e+00 (dt = 7.95e-02)  (u_1[19])Error = 8.38e-05 (27 iters)
(u_2[222])Step 93  t = 9.352761e+00 (dt = 7.92e-02)  (u_1[19])Error = 8.69e-05 (27 iters)
(u_2[222])Step 94  t = 9.431692e+00 (dt = 7.89e-02)  (u_1[19])Error = 9.01e-05 (27 iters)
(u_2[222])Step 95  t = 9.510330e+00 (dt = 7.86e-02)  (u_1[19])Error = 9.28e-05 (27 iters)
(u_2[222])Step 96  t = 9.588602e+00 (dt = 7.83e-02)  (u_1[19])Error = 9.46e-05 (27 iters)
(u_2[222])Step 97  t = 9.666568e+00 (dt = 7.80e-02)  (u_1[19])Error = 9.69e-05 (27 iters)
(u_2[222])Step 98  t = 9.744225e+00 (dt = 7.77e-02)  (u_1[19])Error = 9.82e-05 (27 iters)
(u_2[222])Step 99  t = 9.821606e+00 (dt = 7.74e-02)  (u_1[19])Error = 9.84e-05 (27 iters)
(u_2[222])Step 100  t = 9.898728e+00 (dt = 7.71e-02)  (u_1[1702])Error = 8.84e-05 (32 iters)
(u_2[222])Step 101  t = 9.975434e+00 (dt = 7.67e-02)  (u_1[21])Error = 8.87e-05 (35 iters)
(u_2[222])Step 102  t = 1.000000e+01 (dt = 2.46e-02)  (u_2[228])Error = 9.74e-05 (24 iters)
Step 103  t = 1.010000e+01 (dt = 1.00e-01)  (u_2[228])Error = 9.72e-05 (38 iters)
(u_2[222])Step 104  t = 1.017596e+01 (dt = 7.60e-02)  (u_1[21])Error = 9.59e-05 (35 iters)
(u_2[222])Step 105  t = 1.025166e+01 (dt = 7.57e-02)  (u_1[21])Error = 9.84e-05 (35 iters)
(u_2[222])Step 106  t = 1.032711e+01 (dt = 7.55e-02)  (u_1[21])Error = 8.78e-05 (36 iters)
(u_2[222])Step 107  t = 1.040233e+01 (dt = 7.52e-02)  (u_1[21])Error = 9.01e-05 (36 iters)
(u_2[222])Step 108  t = 1.047730e+01 (dt = 7.50e-02)  (u_1[21])Error = 9.23e-05 (36 iters)
(u_2[23])Step 109  t = 1.055196e+01 (dt = 7.47e-02)  (u_1[21])Error = 9.41e-05 (36 iters)
(u_2[23])Step 110  t = 1.062623e+01 (dt = 7.43e-02)  (u_1[21])Error = 9.59e-05 (36 iters)
(u_2[23])Step 111  t = 1.070012e+01 (dt = 7.39e-02)  (u_1[21])Error = 9.74e-05 (36 iters)
(u_2[23])Step 112  t = 1.077363e+01 (dt = 7.35e-02)  (u_1[21])Error = 9.90e-05 (36 iters)
(u_2[23])Step 113  t = 1.084679e+01 (dt = 7.32e-02)  (u_1[21])Error = 8.77e-05 (37 iters)
(u_2[23])Step 114  t = 1.091959e+01 (dt = 7.28e-02)  (u_1[21])Error = 8.89e-05 (37 iters)
(u_2[23])Step 115  t = 1.099205e+01 (dt = 7.25e-02)  (u_1[21])Error = 9.02e-05 (37 iters)
(u_2[23])Step 116  t = 1.106417e+01 (dt = 7.21e-02)  (u_1[21])Error = 9.13e-05 (37 iters)
(u_2[23])Step 117  t = 1.113597e+01 (dt = 7.18e-02)  (u_1[21])Error = 9.25e-05 (37 iters)
(u_2[23])Step 118  t = 1.120745e+01 (dt = 7.15e-02)  (u_1[21])Error = 9.36e-05 (37 iters)
(u_2[23])Step 119  t = 1.127862e+01 (dt = 7.12e-02)  (u_1[21])Error = 9.47e-05 (37 iters)
(u_2[23])Step 120  t = 1.134945e+01 (dt = 7.08e-02)  (u_1[21])Error = 9.56e-05 (37 iters)
(u_2[23])Step 121  t = 1.141996e+01 (dt = 7.05e-02)  (u_1[21])Error = 9.67e-05 (37 iters)
(u_2[23])Step 122  t = 1.149018e+01 (dt = 7.02e-02)  (u_2[228])Error = 9.75e-05 (37 iters)
(u_2[23])Step 123  t = 1.156010e+01 (dt = 6.99e-02)  (u_2[228])Error = 9.84e-05 (37 iters)
(u_2[23])Step 124  t = 1.162974e+01 (dt = 6.96e-02)  (u_2[228])Error = 9.93e-05 (37 iters)
(u_2[23])Step 125  t = 1.169911e+01 (dt = 6.94e-02)  (u_2[228])Error = 8.76e-05 (38 iters)
(u_2[23])Step 126  t = 1.176820e+01 (dt = 6.91e-02)  (u_2[228])Error = 8.83e-05 (38 iters)
(u_2[23])Step 127  t = 1.183702e+01 (dt = 6.88e-02)  (u_2[228])Error = 8.90e-05 (38 iters)
(u_2[23])Step 128  t = 1.190558e+01 (dt = 6.86e-02)  (u_2[228])Error = 8.97e-05 (38 iters)
(u_2[23])Step 129  t = 1.197389e+01 (dt = 6.83e-02)  (u_2[228])Error = 9.02e-05 (38 iters)
(u_2[23])Step 130  t = 1.204194e+01 (dt = 6.81e-02)  (u_2[228])Error = 9.07e-05 (38 iters)
(u_2[23])Step 131  t = 1.210974e+01 (dt = 6.78e-02)  (u_2[228])Error = 9.11e-05 (38 iters)
(u_2[23])Step 132  t = 1.217731e+01 (dt = 6.76e-02)  (u_2[228])Error = 9.15e-05 (38 iters)
(u_2[23])Step 133  t = 1.224463e+01 (dt = 6.73e-02)  (u_2[228])Error = 9.21e-05 (38 iters)
(u_2[23])Step 134  t = 1.231172e+01 (dt = 6.71e-02)  (u_1[21])Error = 9.32e-05 (38 iters)
(u_2[23])Step 135  t = 1.237850e+01 (dt = 6.68e-02)  (u_1[21])Error = 9.26e-05 (38 iters)
(u_2[23])Step 136  t = 1.244504e+01 (dt = 6.65e-02)  (u_1[21])Error = 9.20e-05 (38 iters)
(u_2[23])Step 137  t = 1.251134e+01 (dt = 6.63e-02)  (u_2[21])Error = 1.00e-04 (38 iters)
(u_2[23])Step 138  t = 1.257734e+01 (dt = 6.60e-02)  (u_2[19])Error = 9.92e-05 (40 iters)
(u_2[23])Step 139  t = 1.264296e+01 (dt = 6.56e-02)  (u_2[19])Error = 8.97e-05 (41 iters)
(u_2[23])Step 140  t = 1.270837e+01 (dt = 6.54e-02)  (u_2[19])Error = 9.11e-05 (41 iters)
(u_2[23])Step 141  t = 1.277355e+01 (dt = 6.52e-02)  (u_2[19])Error = 9.27e-05 (41 iters)
(u_2[23])Step 142  t = 1.283853e+01 (dt = 6.50e-02)  (u_2[19])Error = 9.42e-05 (41 iters)
(u_2[23])Step 143  t = 1.290329e+01 (dt = 6.48e-02)  (u_2[19])Error = 9.54e-05 (41 iters)
(u_2[23])Step 144  t = 1.296785e+01 (dt = 6.46e-02)  (u_2[19])Error = 9.68e-05 (41 iters)
(u_2[23])Step 145  t = 1.303220e+01 (dt = 6.44e-02)  (u_2[19])Error = 9.82e-05 (41 iters)
(u_2[23])Step 146  t = 1.309636e+01 (dt = 6.42e-02)  (u_2[19])Error = 9.96e-05 (41 iters)
(u_2[23])Step 147  t = 1.316033e+01 (dt = 6.40e-02)  (u_2[19])Error = 9.03e-05 (42 iters)
(u_2[23])Step 148  t = 1.322410e+01 (dt = 6.38e-02)  (u_2[19])Error = 9.16e-05 (42 iters)
(u_2[23])Step 149  t = 1.328769e+01 (dt = 6.36e-02)  (u_2[19])Error = 9.29e-05 (42 iters)
(u_2[23])Step 150  t = 1.335109e+01 (dt = 6.34e-02)  (u_2[19])Error = 9.41e-05 (42 iters)
(u_2[23])Step 151  t = 1.341431e+01 (dt = 6.32e-02)  (u_2[19])Error = 9.54e-05 (42 iters)
(u_2[23])Step 152  t = 1.347735e+01 (dt = 6.30e-02)  (u_2[19])Error = 9.66e-05 (42 iters)
(u_2[23])Step 153  t = 1.354022e+01 (dt = 6.29e-02)  (u_2[19])Error = 9.79e-05 (42 iters)
(u_2[23])Step 154  t = 1.360293e+01 (dt = 6.27e-02)  (u_2[19])Error = 9.92e-05 (42 iters)
(u_2[23])Step 155  t = 1.366546e+01 (dt = 6.25e-02)  (u_2[19])Error = 9.13e-05 (45 iters)
(u_2[23])Step 156  t = 1.372782e+01 (dt = 6.24e-02)  (u_2[19])Error = 9.24e-05 (45 iters)
(u_2[23])Step 157  t = 1.379002e+01 (dt = 6.22e-02)  (u_2[19])Error = 9.36e-05 (45 iters)
(u_2[23])Step 158  t = 1.385206e+01 (dt = 6.20e-02)  (u_2[19])Error = 9.48e-05 (45 iters)
(u_2[23])Step 159  t = 1.391394e+01 (dt = 6.19e-02)  (u_2[19])Error = 9.60e-05 (45 iters)
(u_2[23])Step 160  t = 1.397565e+01 (dt = 6.17e-02)  (u_2[19])Error = 9.73e-05 (45 iters)
(u_2[23])Step 161  t = 1.403721e+01 (dt = 6.16e-02)  (u_2[19])Error = 9.86e-05 (45 iters)
(u_2[23])Step 162  t = 1.409861e+01 (dt = 6.14e-02)  (u_2[19])Error = 9.00e-05 (46 iters)
(u_2[23])Step 163  t = 1.415986e+01 (dt = 6.13e-02)  (u_2[19])Error = 9.14e-05 (46 iters)
(u_2[23])Step 164  t = 1.422094e+01 (dt = 6.11e-02)  (u_2[19])Error = 9.29e-05 (46 iters)
(u_2[23])Step 165  t = 1.428187e+01 (dt = 6.09e-02)  (u_2[19])Error = 9.46e-05 (46 iters)
(u_2[23])Step 166  t = 1.434264e+01 (dt = 6.08e-02)  (u_2[19])Error = 9.56e-05 (47 iters)
(u_2[23])Step 167  t = 1.440325e+01 (dt = 6.06e-02)  (u_2[19])Error = 9.85e-05 (47 iters)
(u_2[23])Step 168  t = 1.446370e+01 (dt = 6.04e-02)  (u_2[19])Error = 9.94e-05 (47 iters)
(u_2[23])Step 169  t = 1.452401e+01 (dt = 6.03e-02)  (u_2[19])Error = 9.05e-05 (48 iters)
(u_2[23])Step 170  t = 1.458418e+01 (dt = 6.02e-02)  (u_2[19])Error = 9.13e-05 (48 iters)
(u_2[23])Step 171  t = 1.464421e+01 (dt = 6.00e-02)  (u_2[19])Error = 9.21e-05 (48 iters)
(u_2[23])Step 172  t = 1.470411e+01 (dt = 5.99e-02)  (u_2[19])Error = 9.38e-05 (48 iters)
(u_2[23])Step 173  t = 1.476383e+01 (dt = 5.97e-02)  (u_2[19])Error = 9.47e-05 (48 iters)
(u_2[23])Step 174  t = 1.482340e+01 (dt = 5.96e-02)  (u_2[19])Error = 9.54e-05 (48 iters)
(u_2[23])Step 175  t = 1.488284e+01 (dt = 5.94e-02)  (u_2[19])Error = 9.62e-05 (48 iters)
(u_2[23])Step 176  t = 1.494216e+01 (dt = 5.93e-02)  (u_2[19])Error = 9.69e-05 (48 iters)
(u_2[23])Step 177  t = 1.500134e+01 (dt = 5.92e-02)  (u_2[19])Error = 9.78e-05 (48 iters)
(u_2[23])Step 178  t = 1.506041e+01 (dt = 5.91e-02)  (u_2[19])Error = 9.87e-05 (48 iters)
(u_2[23])Step 179  t = 1.511934e+01 (dt = 5.89e-02)  (u_2[19])Error = 9.95e-05 (48 iters)
(u_2[23])Step 180  t = 1.517816e+01 (dt = 5.88e-02)  (u_2[19])Error = 9.07e-05 (49 iters)
(u_2[23])Step 181  t = 1.523685e+01 (dt = 5.87e-02)  (u_2[19])Error = 9.14e-05 (49 iters)
(u_2[23])Step 182  t = 1.529542e+01 (dt = 5.86e-02)  (u_2[19])Error = 9.22e-05 (49 iters)
(u_2[23])Step 183  t = 1.535387e+01 (dt = 5.84e-02)  (u_2[19])Error = 9.42e-05 (49 iters)
(u_2[23])Step 184  t = 1.541220e+01 (dt = 5.83e-02)  (u_2[19])Error = 9.48e-05 (49 iters)
(u_2[23])Step 185  t = 1.547042e+01 (dt = 5.82e-02)  (u_2[19])Error = 9.55e-05 (49 iters)
(u_2[23])Step 186  t = 1.552853e+01 (dt = 5.81e-02)  (u_2[19])Error = 9.62e-05 (49 iters)
(u_2[23])Step 187  t = 1.558653e+01 (dt = 5.80e-02)  (u_2[19])Error = 9.69e-05 (49 iters)
(u_2[23])Step 188  t = 1.564442e+01 (dt = 5.79e-02)  (u_2[19])Error = 9.75e-05 (49 iters)
(u_2[23])Step 189  t = 1.570220e+01 (dt = 5.78e-02)  (u_2[19])Error = 9.82e-05 (49 iters)
(u_2[23])Step 190  t = 1.575988e+01 (dt = 5.77e-02)  (u_2[19])Error = 9.89e-05 (49 iters)
(u_2[23])Step 191  t = 1.581744e+01 (dt = 5.76e-02)  (u_2[19])Error = 9.95e-05 (49 iters)
(u_2[23])Step 192  t = 1.587490e+01 (dt = 5.75e-02)  (u_2[19])Error = 9.08e-05 (50 iters)
(u_2[23])Step 193  t = 1.593226e+01 (dt = 5.74e-02)  (u_2[19])Error = 9.14e-05 (50 iters)
(u_2[23])Step 194  t = 1.598951e+01 (dt = 5.73e-02)  (u_2[19])Error = 9.20e-05 (50 iters)
(u_2[23])Step 195  t = 1.604667e+01 (dt = 5.72e-02)  (u_2[19])Error = 9.26e-05 (50 iters)
(u_2[23])Step 196  t = 1.610373e+01 (dt = 5.71e-02)  (u_2[19])Error = 9.32e-05 (50 iters)
(u_2[23])Step 197  t = 1.616068e+01 (dt = 5.70e-02)  (u_2[19])Error = 9.38e-05 (50 iters)
(u_2[23])Step 198  t = 1.621754e+01 (dt = 5.69e-02)  (u_2[19])Error = 9.44e-05 (50 iters)
(u_2[23])Step 199  t = 1.627431e+01 (dt = 5.68e-02)  (u_2[19])Error = 9.50e-05 (50 iters)
(u_2[23])Step 200  t = 1.633097e+01 (dt = 5.67e-02)  (u_2[19])Error = 9.56e-05 (50 iters)
(u_2[23])Step 201  t = 1.638755e+01 (dt = 5.66e-02)  (u_2[19])Error = 9.62e-05 (50 iters)
(u_2[23])Step 202  t = 1.644403e+01 (dt = 5.65e-02)  (u_2[19])Error = 9.68e-05 (50 iters)
(u_2[23])Step 203  t = 1.650042e+01 (dt = 5.64e-02)  (u_2[19])Error = 9.74e-05 (50 iters)
(u_2[23])Step 204  t = 1.655671e+01 (dt = 5.63e-02)  (u_2[19])Error = 9.80e-05 (50 iters)
(u_2[23])Step 205  t = 1.661292e+01 (dt = 5.62e-02)  (u_2[19])Error = 9.86e-05 (50 iters)
(u_2[23])Step 206  t = 1.666904e+01 (dt = 5.61e-02)  (u_2[19])Error = 9.92e-05 (50 iters)
(u_2[23])Step 207  t = 1.672507e+01 (dt = 5.60e-02)  (u_2[19])Error = 9.98e-05 (50 iters)
(u_2[23])Step 208  t = 1.678101e+01 (dt = 5.59e-02)  (u_2[19])Error = 9.12e-05 (51 iters)
(u_2[23])Step 209  t = 1.683687e+01 (dt = 5.59e-02)  (u_2[19])Error = 9.17e-05 (51 iters)
(u_2[23])Step 210  t = 1.689264e+01 (dt = 5.58e-02)  (u_2[19])Error = 9.23e-05 (51 iters)
(u_2[23])Step 211  t = 1.694833e+01 (dt = 5.57e-02)  (u_2[19])Error = 9.28e-05 (51 iters)
(u_2[23])Step 212  t = 1.700393e+01 (dt = 5.56e-02)  (u_2[19])Error = 9.34e-05 (51 iters)
(u_2[23])Step 213  t = 1.705945e+01 (dt = 5.55e-02)  (u_2[19])Error = 9.39e-05 (51 iters)
(u_2[23])Step 214  t = 1.711488e+01 (dt = 5.54e-02)  (u_2[19])Error = 9.44e-05 (51 iters)
(u_2[23])Step 215  t = 1.717022e+01 (dt = 5.53e-02)  (u_2[19])Error = 9.49e-05 (51 iters)
(u_2[23])Step 216  t = 1.722548e+01 (dt = 5.53e-02)  (u_2[19])Error = 9.54e-05 (51 iters)
(u_2[23])Step 217  t = 1.728065e+01 (dt = 5.52e-02)  (u_2[19])Error = 9.59e-05 (51 iters)
(u_2[23])Step 218  t = 1.733575e+01 (dt = 5.51e-02)  (u_2[19])Error = 9.64e-05 (51 iters)
(u_2[23])Step 219  t = 1.739074e+01 (dt = 5.50e-02)  (u_2[19])Error = 9.68e-05 (51 iters)
(u_2[23])Step 220  t = 1.744565e+01 (dt = 5.49e-02)  (u_2[19])Error = 9.73e-05 (51 iters)
(u_2[23])Step 221  t = 1.750048e+01 (dt = 5.48e-02)  (u_2[19])Error = 9.79e-05 (51 iters)
(u_2[23])Step 222  t = 1.755524e+01 (dt = 5.48e-02)  (u_2[19])Error = 9.84e-05 (51 iters)
(u_2[23])Step 223  t = 1.760991e+01 (dt = 5.47e-02)  (u_2[19])Error = 9.89e-05 (51 iters)
(u_2[23])Step 224  t = 1.766451e+01 (dt = 5.46e-02)  (u_2[19])Error = 9.94e-05 (51 iters)
(u_2[23])Step 225  t = 1.771904e+01 (dt = 5.45e-02)  (u_2[19])Error = 9.99e-05 (51 iters)
(u_2[23])Step 226  t = 1.777349e+01 (dt = 5.45e-02)  (u_2[19])Error = 9.15e-05 (52 iters)
(u_2[23])Step 227  t = 1.782786e+01 (dt = 5.44e-02)  (u_2[19])Error = 9.19e-05 (52 iters)
(u_2[23])Step 228  t = 1.788217e+01 (dt = 5.43e-02)  (u_2[19])Error = 9.24e-05 (52 iters)
(u_2[23])Step 229  t = 1.793640e+01 (dt = 5.42e-02)  (u_2[19])Error = 9.29e-05 (52 iters)
(u_2[23])Step 230  t = 1.799055e+01 (dt = 5.42e-02)  (u_2[19])Error = 9.34e-05 (52 iters)
(u_2[23])Step 231  t = 1.804463e+01 (dt = 5.41e-02)  (u_2[19])Error = 9.39e-05 (52 iters)
(u_2[23])Step 232  t = 1.809864e+01 (dt = 5.40e-02)  (u_2[19])Error = 9.44e-05 (52 iters)
(u_2[23])Step 233  t = 1.815258e+01 (dt = 5.39e-02)  (u_2[19])Error = 9.49e-05 (52 iters)
(u_2[23])Step 234  t = 1.820646e+01 (dt = 5.39e-02)  (u_2[19])Error = 9.53e-05 (52 iters)
(u_2[23])Step 235  t = 1.826026e+01 (dt = 5.38e-02)  (u_2[19])Error = 9.58e-05 (52 iters)
(u_2[23])Step 236  t = 1.831400e+01 (dt = 5.37e-02)  (u_2[19])Error = 9.63e-05 (52 iters)
(u_2[23])Step 237  t = 1.836767e+01 (dt = 5.37e-02)  (u_2[19])Error = 9.68e-05 (52 iters)
(u_2[23])Step 238  t = 1.842127e+01 (dt = 5.36e-02)  (u_2[19])Error = 9.73e-05 (52 iters)
(u_2[23])Step 239  t = 1.847482e+01 (dt = 5.35e-02)  (u_2[19])Error = 9.78e-05 (52 iters)
(u_2[23])Step 240  t = 1.852829e+01 (dt = 5.35e-02)  (u_2[19])Error = 9.83e-05 (52 iters)
(u_2[23])Step 241  t = 1.858170e+01 (dt = 5.34e-02)  (u_2[19])Error = 9.87e-05 (52 iters)
(u_2[23])Step 242  t = 1.863504e+01 (dt = 5.33e-02)  (u_2[19])Error = 9.92e-05 (52 iters)
(u_2[23])Step 243  t = 1.868832e+01 (dt = 5.33e-02)  (u_2[19])Error = 9.97e-05 (52 iters)
(u_2[23])Step 244  t = 1.874154e+01 (dt = 5.32e-02)  (u_2[19])Error = 9.13e-05 (53 iters)
(u_2[23])Step 245  t = 1.879469e+01 (dt = 5.32e-02)  (u_2[19])Error = 9.18e-05 (53 iters)
(u_2[23])Step 246  t = 1.884778e+01 (dt = 5.31e-02)  (u_2[19])Error = 9.22e-05 (53 iters)
(u_2[23])Step 247  t = 1.890081e+01 (dt = 5.30e-02)  (u_2[19])Error = 9.26e-05 (53 iters)
(u_2[23])Step 248  t = 1.895377e+01 (dt = 5.30e-02)  (u_2[19])Error = 9.30e-05 (53 iters)
(u_2[23])Step 249  t = 1.900667e+01 (dt = 5.29e-02)  (u_2[19])Error = 9.35e-05 (53 iters)
(u_2[23])Step 250  t = 1.905952e+01 (dt = 5.28e-02)  (u_2[19])Error = 9.39e-05 (53 iters)
(u_2[23])Step 251  t = 1.911230e+01 (dt = 5.28e-02)  (u_2[19])Error = 9.43e-05 (53 iters)
(u_2[23])Step 252  t = 1.916502e+01 (dt = 5.27e-02)  (u_2[19])Error = 9.47e-05 (53 iters)
(u_2[23])Step 253  t = 1.921768e+01 (dt = 5.27e-02)  (u_2[19])Error = 9.52e-05 (53 iters)
(u_2[23])Step 254  t = 1.927029e+01 (dt = 5.26e-02)  (u_2[19])Error = 9.56e-05 (53 iters)
(u_2[23])Step 255  t = 1.932284e+01 (dt = 5.25e-02)  (u_2[19])Error = 9.61e-05 (53 iters)
(u_2[23])Step 256  t = 1.937533e+01 (dt = 5.25e-02)
At Models/ConstitutiveLaws/Plasticity.c, line 875