# Sample the curve with 100 points
# Reverse the curve
# Relative humidity    Average pressure     Surface stress       Total pressure     
  9.999000e-01        -1.083169e+04         0.000000e+00        -1.083169e+04         1.354095e+04        -0.000000e+00       
  9.901030e-01        -1.064125e+06        -6.139010e+01        -1.064187e+06         1.346752e+06         8.308245e+02       
  9.803061e-01        -2.100892e+06        -7.355228e+02        -2.101627e+06         2.693221e+06         9.386274e+04       
  9.705091e-01        -3.120247e+06        -2.600713e+03        -3.122848e+06         4.053214e+06         2.318061e+05       
  9.607121e-01        -4.121405e+06        -6.169320e+03        -4.127574e+06         5.427006e+06         4.163390e+05       
  9.509152e-01        -5.103611e+06        -1.193774e+04        -5.115549e+06         6.814879e+06         6.456927e+05       
  9.411182e-01        -6.066126e+06        -2.039585e+04        -6.086522e+06         8.217125e+06         9.183744e+05       
  9.313212e-01        -7.008219e+06        -3.203166e+04        -7.040251e+06         9.634045e+06         1.233238e+06       
  9.215242e-01        -7.929163e+06        -4.733420e+04        -7.976498e+06         1.106595e+07         1.589412e+06       
  9.117273e-01        -8.828234e+06        -6.679546e+04        -8.895029e+06         1.251316e+07         1.986243e+06       
  9.019303e-01        -9.704702e+06        -9.091194e+04        -9.795614e+06         1.397600e+07         2.423245e+06       
  8.921333e-01        -1.065728e+07        -1.077463e+05        -1.076502e+07         1.545482e+07         2.900075e+06       
  8.823364e-01        -1.163296e+07        -1.233367e+05        -1.175629e+07         1.694997e+07         3.416507e+06       
  8.725394e-01        -1.260954e+07        -1.406757e+05        -1.275022e+07         1.846182e+07         3.972416e+06       
  8.627424e-01        -1.358698e+07        -1.599274e+05        -1.374690e+07         1.999074e+07         4.567767e+06       
  8.529455e-01        -1.456522e+07        -1.812575e+05        -1.474648e+07         2.153711e+07         5.202604e+06       
  8.431485e-01        -1.554423e+07        -2.048339e+05        -1.574906e+07         2.310136e+07         5.877042e+06       
  8.333515e-01        -1.652398e+07        -2.308267e+05        -1.675480e+07         2.468388e+07         6.591265e+06       
  8.235545e-01        -1.750443e+07        -2.594087e+05        -1.776384e+07         2.628512e+07         7.345518e+06       
  8.137576e-01        -1.848556e+07        -2.907557e+05        -1.877632e+07         2.790552e+07         8.140106e+06       
  8.039606e-01        -1.946736e+07        -3.250465e+05        -1.979240e+07         2.954555e+07         8.975391e+06       
  7.941636e-01        -2.046159e+07        -3.599811e+05        -2.082158e+07         3.120569e+07         9.851791e+06       
  7.843667e-01        -2.146632e+07        -3.960209e+05        -2.186234e+07         3.288644e+07         1.076978e+07       
  7.745697e-01        -2.247398e+07        -4.349471e+05        -2.290893e+07         3.458831e+07         1.172987e+07       
  7.647727e-01        -2.348464e+07        -4.769219e+05        -2.396156e+07         3.631184e+07         1.273265e+07       
  7.549758e-01        -2.449835e+07        -5.221111e+05        -2.502046e+07         3.805760e+07         1.377875e+07       
  7.451788e-01        -2.551520e+07        -5.706839e+05        -2.608588e+07         3.982615e+07         1.486886e+07       
  7.353818e-01        -2.653527e+07        -6.228136e+05        -2.715808e+07         4.161812e+07         1.600371e+07       
  7.255848e-01        -2.755864e+07        -6.786771e+05        -2.823732e+07         4.343412e+07         1.718409e+07       
  7.157879e-01        -2.851120e+07        -7.585769e+05        -2.926978e+07         4.527480e+07         1.841086e+07       
  7.059909e-01        -2.935750e+07        -8.734471e+05        -3.023094e+07         4.714085e+07         1.968493e+07       
  6.961939e-01        -3.019213e+07        -9.977049e+05        -3.118984e+07         4.903298e+07         2.100727e+07       
  6.863970e-01        -3.101485e+07        -1.131761e+06        -3.214661e+07         5.095193e+07         2.237892e+07       
  6.766000e-01        -3.182538e+07        -1.276038e+06        -3.310142e+07         5.289846e+07         2.380096e+07       
  6.668030e-01        -3.262348e+07        -1.430969e+06        -3.405445e+07         5.487339e+07         2.527456e+07       
  6.570061e-01        -3.340888e+07        -1.596998e+06        -3.500587e+07         5.687755e+07         2.680097e+07       
  6.472091e-01        -3.418132e+07        -1.774582e+06        -3.595590e+07         5.891181e+07         2.838150e+07       
  6.374121e-01        -3.494054e+07        -1.964192e+06        -3.690473e+07         6.097711e+07         3.001752e+07       
  6.276152e-01        -3.568629e+07        -2.166309e+06        -3.785260e+07         6.307440e+07         3.171052e+07       
  6.178182e-01        -3.641831e+07        -2.381429e+06        -3.879974e+07         6.520468e+07         3.346206e+07       
  6.080212e-01        -3.713635e+07        -2.610063e+06        -3.974641e+07         6.736902e+07         3.527378e+07       
  5.982242e-01        -3.784016e+07        -2.852734e+06        -4.069289e+07         6.956851e+07         3.714744e+07       
  5.884273e-01        -3.852949e+07        -3.109983e+06        -4.163947e+07         7.180433e+07         3.908488e+07       
  5.786303e-01        -3.920409e+07        -3.382363e+06        -4.258645e+07         7.407768e+07         4.108808e+07       
  5.688333e-01        -3.986373e+07        -3.670446e+06        -4.353417e+07         7.638986e+07         4.315910e+07       
  5.590364e-01        -4.050817e+07        -3.974818e+06        -4.448299e+07         7.874220e+07         4.530016e+07       
  5.492394e-01        -4.107432e+07        -4.320627e+06        -4.539495e+07         8.113614e+07         4.751360e+07       
  5.394424e-01        -4.084585e+07        -4.993625e+06        -4.583948e+07         8.357317e+07         4.980189e+07       
  5.296455e-01        -4.055049e+07        -5.708096e+06        -4.625859e+07         8.605486e+07         5.216768e+07       
  5.198485e-01        -4.018665e+07        -6.465528e+06        -4.665218e+07         8.858289e+07         5.461377e+07       
  5.100515e-01        -3.975268e+07        -7.267454e+06        -4.702014e+07         9.115901e+07         5.714313e+07       
  5.002545e-01        -3.924691e+07        -8.115457e+06        -4.736237e+07         9.378510e+07         5.975895e+07       
  4.904576e-01        -3.866760e+07        -9.011170e+06        -4.767877e+07         9.646314e+07         6.246460e+07       
  4.806606e-01        -3.801298e+07        -9.956277e+06        -4.796926e+07         9.919521e+07         6.526369e+07       
  4.708636e-01        -3.728123e+07        -1.095252e+07        -4.823374e+07         1.019835e+08         6.816006e+07       
  4.610667e-01        -3.647047e+07        -1.200168e+07        -4.847215e+07         1.048305e+08         7.115783e+07       
  4.512697e-01        -3.557880e+07        -1.310561e+07        -4.868441e+07         1.077386e+08         7.426140e+07       
  4.414727e-01        -3.460423e+07        -1.426623e+07        -4.887046e+07         1.107106e+08         7.747547e+07       
  4.316758e-01        -3.354475e+07        -1.548549e+07        -4.903024e+07         1.137492e+08         8.080511e+07       
  4.218788e-01        -3.210847e+07        -1.690473e+07        -4.901320e+07         1.168576e+08         8.425573e+07       
  4.120818e-01        -3.050570e+07        -1.842528e+07        -4.893097e+07         1.200390e+08         8.783319e+07       
  4.022848e-01        -2.879234e+07        -2.002120e+07        -4.881353e+07         1.232970e+08         9.154376e+07       
  3.924879e-01        -2.696554e+07        -2.169508e+07        -4.866061e+07         1.266354e+08         9.539424e+07       
  3.826909e-01        -2.502236e+07        -2.344959e+07        -4.847195e+07         1.300581e+08         9.939195e+07       
  3.728939e-01        -2.295979e+07        -2.528749e+07        -4.824728e+07         1.335695e+08         1.035448e+08       
  3.630970e-01        -2.077469e+07        -2.721162e+07        -4.798632e+07         1.371745e+08         1.078615e+08       
  3.533000e-01        -1.846386e+07        -2.922489e+07        -4.768876e+07         1.408781e+08         1.123514e+08       
  3.435030e-01        -1.602399e+07        -3.133031e+07        -4.735429e+07         1.446859e+08         1.170246e+08       
  3.337061e-01        -1.345165e+07        -3.353095e+07        -4.698260e+07         1.486038e+08         1.218922e+08       
  3.239091e-01        -1.298297e+07        -3.458802e+07        -4.757099e+07         1.526385e+08         1.269666e+08       
  3.141121e-01        -1.266819e+07        -3.557651e+07        -4.824470e+07         1.567971e+08         1.322610e+08       
  3.043152e-01        -1.233680e+07        -3.659285e+07        -4.892965e+07         1.610875e+08         1.377902e+08       
  2.945182e-01        -1.198960e+07        -3.763761e+07        -4.962721e+07         1.655183e+08         1.435704e+08       
  2.847212e-01        -1.162755e+07        -3.871136e+07        -5.033891e+07         1.700990e+08         1.496196e+08       
  2.749242e-01        -1.125183e+07        -3.981458e+07        -5.106641e+07         1.748401e+08         1.559577e+08       
  2.651273e-01        -1.086387e+07        -4.094768e+07        -5.181155e+07         1.797533e+08         1.626069e+08       
  2.553303e-01        -1.046538e+07        -4.211100e+07        -5.257638e+07         1.848514e+08         1.695921e+08       
  2.455333e-01        -1.005844e+07        -4.330474e+07        -5.336317e+07         1.901491e+08         1.769413e+08       
  2.357364e-01        -9.645521e+06        -4.452893e+07        -5.417445e+07         1.956625e+08         1.846860e+08       
  2.259394e-01        -9.164231e+06        -4.582515e+07        -5.498938e+07         2.014100e+08         1.928618e+08       
  2.161424e-01        -8.584482e+06        -4.721554e+07        -5.580002e+07         2.074123e+08         2.015094e+08       
  2.063455e-01        -8.001271e+06        -4.864080e+07        -5.664207e+07         2.136931e+08         2.106753e+08       
  1.965485e-01        -7.419379e+06        -5.010005e+07        -5.751942e+07         2.202794e+08         2.204134e+08       
  1.867515e-01        -6.844621e+06        -5.159187e+07        -5.843649e+07         2.272026e+08         2.307858e+08       
  1.769545e-01        -6.284098e+06        -5.311422e+07        -5.939832e+07         2.344989e+08         2.418653e+08       
  1.671576e-01        -5.746512e+06        -5.466419e+07        -6.041070e+07         2.422109e+08         2.537376e+08       
  1.573606e-01        -5.242585e+06        -5.623779e+07        -6.148037e+07         2.503888e+08         2.665046e+08       
  1.475636e-01        -4.785611e+06        -5.782956e+07        -6.261518e+07         2.590925e+08         2.802886e+08       
  1.377667e-01        -4.392205e+06        -5.943216e+07        -6.382437e+07         2.683945e+08         2.952381e+08       
  1.279697e-01        -4.083324e+06        -6.103563e+07        -6.511895e+07         2.783828e+08         3.115356e+08       
  1.181727e-01        -3.885701e+06        -6.262651e+07        -6.651221e+07         2.891671e+08         3.294088e+08       
  1.083758e-01        -2.049435e+06        -6.556693e+07        -6.761636e+07         3.008853e+08         3.491466e+08       
  9.857879e-02         0.000000e+00        -6.876891e+07        -6.876891e+07         3.137145e+08         3.711226e+08       
  8.878182e-02         0.000000e+00        -7.042603e+07        -7.042603e+07         3.278876e+08         3.958313e+08       
  7.898485e-02         0.000000e+00        -7.220515e+07        -7.220515e+07         3.437197e+08         4.239453e+08       
  6.918788e-02         0.000000e+00        -7.413271e+07        -7.413271e+07         3.616512e+08         4.564113e+08       
  5.939091e-02         0.000000e+00        -7.624557e+07        -7.624557e+07         3.823251e+08         4.946183e+08       
  4.959394e-02         0.000000e+00        -7.859749e+07        -7.859749e+07         4.067344e+08         5.407195e+08       
  3.979697e-02         0.000000e+00        -8.127209e+07        -8.127209e+07         4.365336e+08         5.983045e+08       
  3.000000e-02         0.000000e+00        -8.441181e+07        -8.441181e+07         4.747975e+08         6.740151e+08       
